[1.045s] Invoking command in '/home/lorenzo/Bureau/Unity_Playground/src/unity_robotics_demo': PYTHONPATH=/home/lorenzo/Bureau/Unity_Playground/build/unity_robotics_demo/prefix_override:/usr/lib/python3/dist-packages/colcon_core/task/python/colcon_distutils_commands:/home/lorenzo/Bureau/Unity_Playground/install/unity_robotics_demo/lib/python3.10/site-packages:${PYTHONPATH} /usr/bin/python3 -W ignore:setup.py install is deprecated -W ignore:easy_install command is deprecated setup.py egg_info --egg-base ../../build/unity_robotics_demo build --build-base /home/lorenzo/Bureau/Unity_Playground/build/unity_robotics_demo/build install --record /home/lorenzo/Bureau/Unity_Playground/build/unity_robotics_demo/install.log --install-scripts $base/lib/unity_robotics_demo --single-version-externally-managed install_data
[1.335s] /usr/lib/python3/dist-packages/setuptools/dist.py:723: UserWarning: Usage of dash-separated 'script-dir' will not be supported in future versions. Please use the underscore name 'script_dir' instead
[1.335s]   warnings.warn(
[1.346s] running egg_info
[1.347s] writing ../../build/unity_robotics_demo/unity_robotics_demo.egg-info/PKG-INFO
[1.347s] writing dependency_links to ../../build/unity_robotics_demo/unity_robotics_demo.egg-info/dependency_links.txt
[1.348s] writing entry points to ../../build/unity_robotics_demo/unity_robotics_demo.egg-info/entry_points.txt
[1.348s] writing requirements to ../../build/unity_robotics_demo/unity_robotics_demo.egg-info/requires.txt
[1.348s] writing top-level names to ../../build/unity_robotics_demo/unity_robotics_demo.egg-info/top_level.txt
[1.351s] reading manifest file '../../build/unity_robotics_demo/unity_robotics_demo.egg-info/SOURCES.txt'
[1.352s] writing manifest file '../../build/unity_robotics_demo/unity_robotics_demo.egg-info/SOURCES.txt'
[1.353s] running build
[1.353s] running build_py
[1.353s] running install
[1.353s] running install_lib
[1.355s] running install_data
[1.355s] running install_egg_info
[1.358s] removing '/home/lorenzo/Bureau/Unity_Playground/install/unity_robotics_demo/lib/python3.10/site-packages/unity_robotics_demo-0.0.1-py3.10.egg-info' (and everything under it)
[1.358s] Copying ../../build/unity_robotics_demo/unity_robotics_demo.egg-info to /home/lorenzo/Bureau/Unity_Playground/install/unity_robotics_demo/lib/python3.10/site-packages/unity_robotics_demo-0.0.1-py3.10.egg-info
[1.360s] running install_scripts
[1.389s] Installing color_publisher script to /home/lorenzo/Bureau/Unity_Playground/install/unity_robotics_demo/lib/unity_robotics_demo
[1.389s] Installing position_service script to /home/lorenzo/Bureau/Unity_Playground/install/unity_robotics_demo/lib/unity_robotics_demo
[1.389s] writing list of installed files to '/home/lorenzo/Bureau/Unity_Playground/build/unity_robotics_demo/install.log'
[1.442s] Invoked command in '/home/lorenzo/Bureau/Unity_Playground/src/unity_robotics_demo' returned '0': PYTHONPATH=/home/lorenzo/Bureau/Unity_Playground/build/unity_robotics_demo/prefix_override:/usr/lib/python3/dist-packages/colcon_core/task/python/colcon_distutils_commands:/home/lorenzo/Bureau/Unity_Playground/install/unity_robotics_demo/lib/python3.10/site-packages:${PYTHONPATH} /usr/bin/python3 -W ignore:setup.py install is deprecated -W ignore:easy_install command is deprecated setup.py egg_info --egg-base ../../build/unity_robotics_demo build --build-base /home/lorenzo/Bureau/Unity_Playground/build/unity_robotics_demo/build install --record /home/lorenzo/Bureau/Unity_Playground/build/unity_robotics_demo/install.log --install-scripts $base/lib/unity_robotics_demo --single-version-externally-managed install_data
