[0.544s] Invoking command in '/home/lorenzo/Bureau/Unity_Playground/build/unity_robotics_demo_msgs': CMAKE_PREFIX_PATH=/opt/ros/humble /usr/bin/cmake /home/lorenzo/Bureau/Unity_Playground/src/unity_robotics_demo_msgs -DCMAKE_INSTALL_PREFIX=/home/lorenzo/Bureau/Unity_Playground/install/unity_robotics_demo_msgs
[0.610s] -- The C compiler identification is GNU 11.4.0
[0.690s] -- The CXX compiler identification is GNU 11.4.0
[0.706s] -- Detecting C compiler ABI info
[0.793s] -- Detecting C compiler ABI info - done
[0.807s] -- Check for working C compiler: /usr/bin/cc - skipped
[0.807s] -- Detecting C compile features
[0.808s] -- Detecting C compile features - done
[0.813s] -- Detecting CXX compiler ABI info
[0.920s] -- Detecting CXX compiler ABI info - done
[0.937s] -- Check for working CXX compiler: /usr/bin/c++ - skipped
[0.939s] -- Detecting CXX compile features
[0.939s] -- Detecting CXX compile features - done
[0.940s] -- Found rosidl_default_generators: 1.2.0 (/opt/ros/humble/share/rosidl_default_generators/cmake)
[0.942s] -- Found ament_cmake_core: 1.3.11 (/opt/ros/humble/share/ament_cmake_core/cmake)
[1.086s] -- Found Python3: /usr/bin/python3 (found version "3.10.12") found components: Interpreter 
[1.165s] -- Using all available rosidl_typesupport_c: rosidl_typesupport_fastrtps_c;rosidl_typesupport_introspection_c
[1.174s] -- Found rosidl_adapter: 3.1.6 (/opt/ros/humble/share/rosidl_adapter/cmake)
[1.259s] -- Using all available rosidl_typesupport_cpp: rosidl_typesupport_fastrtps_cpp;rosidl_typesupport_introspection_cpp
[1.305s] -- Found builtin_interfaces: 1.2.1 (/opt/ros/humble/share/builtin_interfaces/cmake)
[1.322s] -- Found geometry_msgs: 4.8.0 (/opt/ros/humble/share/geometry_msgs/cmake)
[1.628s] -- Found ament_cmake_ros: 0.10.0 (/opt/ros/humble/share/ament_cmake_ros/cmake)
[1.817s] -- Using all available rosidl_typesupport_c: rosidl_typesupport_fastrtps_c;rosidl_typesupport_introspection_c
[2.058s] -- Using all available rosidl_typesupport_cpp: rosidl_typesupport_fastrtps_cpp;rosidl_typesupport_introspection_cpp
[2.083s] -- Found PythonInterp: /usr/bin/python3 (found suitable version "3.10.12", minimum required is "3.6") 
[2.084s] -- Found python_cmake_module: 0.10.0 (/opt/ros/humble/share/python_cmake_module/cmake)
[2.114s] -- Found PythonLibs: /usr/lib/x86_64-linux-gnu/libpython3.10.so (found suitable version "3.10.12", minimum required is "3.5") 
[2.114s] -- Using PYTHON_EXECUTABLE: /usr/bin/python3
[2.114s] -- Using PYTHON_INCLUDE_DIRS: /usr/include/python3.10
[2.115s] -- Using PYTHON_LIBRARIES: /usr/lib/x86_64-linux-gnu/libpython3.10.so
[2.140s] -- Found PythonExtra: .so  
[2.210s] -- Found ament_lint_auto: 0.12.12 (/opt/ros/humble/share/ament_lint_auto/cmake)
[2.234s] -- Added test 'copyright' to check source files copyright and LICENSE
[2.237s] -- Added test 'lint_cmake' to check CMake code style
[2.238s] -- Added test 'xmllint' to check XML markup files
[2.242s] -- Configuring done
[2.294s] -- Generating done
[2.321s] -- Build files have been written to: /home/lorenzo/Bureau/Unity_Playground/build/unity_robotics_demo_msgs
[2.332s] Invoked command in '/home/lorenzo/Bureau/Unity_Playground/build/unity_robotics_demo_msgs' returned '0': CMAKE_PREFIX_PATH=/opt/ros/humble /usr/bin/cmake /home/lorenzo/Bureau/Unity_Playground/src/unity_robotics_demo_msgs -DCMAKE_INSTALL_PREFIX=/home/lorenzo/Bureau/Unity_Playground/install/unity_robotics_demo_msgs
[2.334s] Invoking command in '/home/lorenzo/Bureau/Unity_Playground/build/unity_robotics_demo_msgs': CMAKE_PREFIX_PATH=/opt/ros/humble /usr/bin/cmake --build /home/lorenzo/Bureau/Unity_Playground/build/unity_robotics_demo_msgs -- -j16 -l16
[2.364s] [  1%] [34m[1mGenerating C code for ROS interfaces[0m
[2.371s] [  3%] [34m[1mGenerating C++ code for ROS interfaces[0m
[2.374s] [  3%] Built target ament_cmake_python_copy_unity_robotics_demo_msgs
[2.651s] running egg_info
[2.652s] creating unity_robotics_demo_msgs.egg-info
[2.652s] writing unity_robotics_demo_msgs.egg-info/PKG-INFO
[2.652s] writing dependency_links to unity_robotics_demo_msgs.egg-info/dependency_links.txt
[2.653s] writing top-level names to unity_robotics_demo_msgs.egg-info/top_level.txt
[2.653s] writing manifest file 'unity_robotics_demo_msgs.egg-info/SOURCES.txt'
[2.655s] reading manifest file 'unity_robotics_demo_msgs.egg-info/SOURCES.txt'
[2.656s] writing manifest file 'unity_robotics_demo_msgs.egg-info/SOURCES.txt'
[2.689s] [  3%] Built target ament_cmake_python_build_unity_robotics_demo_msgs_egg
[2.891s] [  5%] [32mBuilding C object CMakeFiles/unity_robotics_demo_msgs__rosidl_generator_c.dir/rosidl_generator_c/unity_robotics_demo_msgs/msg/detail/pos_rot__functions.c.o[0m
[2.891s] [  5%] Built target unity_robotics_demo_msgs__cpp
[2.891s] [  9%] [32mBuilding C object CMakeFiles/unity_robotics_demo_msgs__rosidl_generator_c.dir/rosidl_generator_c/unity_robotics_demo_msgs/srv/detail/object_pose_service__functions.c.o[0m
[2.891s] [  9%] [32mBuilding C object CMakeFiles/unity_robotics_demo_msgs__rosidl_generator_c.dir/rosidl_generator_c/unity_robotics_demo_msgs/msg/detail/unity_color__functions.c.o[0m
[2.891s] [ 10%] [32mBuilding C object CMakeFiles/unity_robotics_demo_msgs__rosidl_generator_c.dir/rosidl_generator_c/unity_robotics_demo_msgs/srv/detail/position_service__functions.c.o[0m
[2.900s] [ 14%] [34m[1mGenerating C++ type support for eProsima Fast-RTPS[0m
[2.900s] [ 14%] [34m[1mGenerating C++ type support dispatch for ROS interfaces[0m
[2.900s] [ 16%] [34m[1mGenerating C++ introspection for ROS interfaces[0m
[2.982s] [ 18%] [32m[1mLinking C shared library libunity_robotics_demo_msgs__rosidl_generator_c.so[0m
[3.023s] [ 18%] Built target unity_robotics_demo_msgs__rosidl_generator_c
[3.033s] [ 20%] [34m[1mGenerating C type support dispatch for ROS interfaces[0m
[3.033s] [ 21%] [34m[1mGenerating C introspection for ROS interfaces[0m
[3.034s] [ 23%] [34m[1mGenerating C type support for eProsima Fast-RTPS[0m
[3.326s] [ 25%] [32mBuilding CXX object CMakeFiles/unity_robotics_demo_msgs__rosidl_typesupport_cpp.dir/rosidl_typesupport_cpp/unity_robotics_demo_msgs/msg/pos_rot__type_support.cpp.o[0m
[3.326s] [ 29%] [32mBuilding CXX object CMakeFiles/unity_robotics_demo_msgs__rosidl_typesupport_cpp.dir/rosidl_typesupport_cpp/unity_robotics_demo_msgs/srv/position_service__type_support.cpp.o[0m
[3.326s] [ 29%] [32mBuilding CXX object CMakeFiles/unity_robotics_demo_msgs__rosidl_typesupport_cpp.dir/rosidl_typesupport_cpp/unity_robotics_demo_msgs/msg/unity_color__type_support.cpp.o[0m
[3.326s] [ 30%] [32mBuilding CXX object CMakeFiles/unity_robotics_demo_msgs__rosidl_typesupport_cpp.dir/rosidl_typesupport_cpp/unity_robotics_demo_msgs/srv/object_pose_service__type_support.cpp.o[0m
[3.398s] [ 32%] [32mBuilding CXX object CMakeFiles/unity_robotics_demo_msgs__rosidl_typesupport_introspection_cpp.dir/rosidl_typesupport_introspection_cpp/unity_robotics_demo_msgs/msg/detail/pos_rot__type_support.cpp.o[0m
[3.400s] [ 34%] [32mBuilding CXX object CMakeFiles/unity_robotics_demo_msgs__rosidl_typesupport_introspection_cpp.dir/rosidl_typesupport_introspection_cpp/unity_robotics_demo_msgs/srv/detail/object_pose_service__type_support.cpp.o[0m
[3.401s] [ 36%] [32mBuilding CXX object CMakeFiles/unity_robotics_demo_msgs__rosidl_typesupport_introspection_cpp.dir/rosidl_typesupport_introspection_cpp/unity_robotics_demo_msgs/msg/detail/unity_color__type_support.cpp.o[0m
[3.404s] [ 38%] [32mBuilding CXX object CMakeFiles/unity_robotics_demo_msgs__rosidl_typesupport_introspection_cpp.dir/rosidl_typesupport_introspection_cpp/unity_robotics_demo_msgs/srv/detail/position_service__type_support.cpp.o[0m
[3.709s] [ 40%] [32mBuilding CXX object CMakeFiles/unity_robotics_demo_msgs__rosidl_typesupport_c.dir/rosidl_typesupport_c/unity_robotics_demo_msgs/msg/pos_rot__type_support.cpp.o[0m
[3.718s] [ 41%] [32mBuilding CXX object CMakeFiles/unity_robotics_demo_msgs__rosidl_typesupport_c.dir/rosidl_typesupport_c/unity_robotics_demo_msgs/msg/unity_color__type_support.cpp.o[0m
[3.720s] [ 45%] [32mBuilding CXX object CMakeFiles/unity_robotics_demo_msgs__rosidl_typesupport_c.dir/rosidl_typesupport_c/unity_robotics_demo_msgs/srv/position_service__type_support.cpp.o[0m
[3.720s] [ 45%] [32mBuilding CXX object CMakeFiles/unity_robotics_demo_msgs__rosidl_typesupport_c.dir/rosidl_typesupport_c/unity_robotics_demo_msgs/srv/object_pose_service__type_support.cpp.o[0m
[3.746s] [ 47%] [32mBuilding CXX object CMakeFiles/unity_robotics_demo_msgs__rosidl_typesupport_fastrtps_cpp.dir/rosidl_typesupport_fastrtps_cpp/unity_robotics_demo_msgs/msg/detail/dds_fastrtps/pos_rot__type_support.cpp.o[0m
[3.750s] [ 49%] [32mBuilding CXX object CMakeFiles/unity_robotics_demo_msgs__rosidl_typesupport_fastrtps_cpp.dir/rosidl_typesupport_fastrtps_cpp/unity_robotics_demo_msgs/msg/detail/dds_fastrtps/unity_color__type_support.cpp.o[0m
[3.791s] [ 50%] [32mBuilding CXX object CMakeFiles/unity_robotics_demo_msgs__rosidl_typesupport_fastrtps_cpp.dir/rosidl_typesupport_fastrtps_cpp/unity_robotics_demo_msgs/srv/detail/dds_fastrtps/position_service__type_support.cpp.o[0m
[3.803s] [ 52%] [32mBuilding CXX object CMakeFiles/unity_robotics_demo_msgs__rosidl_typesupport_fastrtps_cpp.dir/rosidl_typesupport_fastrtps_cpp/unity_robotics_demo_msgs/srv/detail/dds_fastrtps/object_pose_service__type_support.cpp.o[0m
[3.839s] [ 54%] [32m[1mLinking CXX shared library libunity_robotics_demo_msgs__rosidl_typesupport_c.so[0m
[3.910s] [ 56%] [32mBuilding C object CMakeFiles/unity_robotics_demo_msgs__rosidl_typesupport_introspection_c.dir/rosidl_typesupport_introspection_c/unity_robotics_demo_msgs/msg/detail/pos_rot__type_support.c.o[0m
[3.913s] [ 58%] [32m[1mLinking CXX shared library libunity_robotics_demo_msgs__rosidl_typesupport_cpp.so[0m
[3.921s] [ 60%] [32mBuilding C object CMakeFiles/unity_robotics_demo_msgs__rosidl_typesupport_introspection_c.dir/rosidl_typesupport_introspection_c/unity_robotics_demo_msgs/srv/detail/object_pose_service__type_support.c.o[0m
[3.922s] [ 61%] [32mBuilding C object CMakeFiles/unity_robotics_demo_msgs__rosidl_typesupport_introspection_c.dir/rosidl_typesupport_introspection_c/unity_robotics_demo_msgs/msg/detail/unity_color__type_support.c.o[0m
[3.924s] [ 63%] [32mBuilding C object CMakeFiles/unity_robotics_demo_msgs__rosidl_typesupport_introspection_c.dir/rosidl_typesupport_introspection_c/unity_robotics_demo_msgs/srv/detail/position_service__type_support.c.o[0m
[3.948s] [ 65%] [32mBuilding CXX object CMakeFiles/unity_robotics_demo_msgs__rosidl_typesupport_fastrtps_c.dir/rosidl_typesupport_fastrtps_c/unity_robotics_demo_msgs/msg/detail/pos_rot__type_support_c.cpp.o[0m
[3.948s] [ 67%] [32mBuilding CXX object CMakeFiles/unity_robotics_demo_msgs__rosidl_typesupport_fastrtps_c.dir/rosidl_typesupport_fastrtps_c/unity_robotics_demo_msgs/msg/detail/unity_color__type_support_c.cpp.o[0m
[3.954s] [ 67%] Built target unity_robotics_demo_msgs__rosidl_typesupport_c
[3.975s] [ 69%] [32mBuilding CXX object CMakeFiles/unity_robotics_demo_msgs__rosidl_typesupport_fastrtps_c.dir/rosidl_typesupport_fastrtps_c/unity_robotics_demo_msgs/srv/detail/position_service__type_support_c.cpp.o[0m
[4.007s] [ 70%] [32mBuilding CXX object CMakeFiles/unity_robotics_demo_msgs__rosidl_typesupport_fastrtps_c.dir/rosidl_typesupport_fastrtps_c/unity_robotics_demo_msgs/srv/detail/object_pose_service__type_support_c.cpp.o[0m
[4.044s] [ 70%] Built target unity_robotics_demo_msgs__rosidl_typesupport_cpp
[4.052s] [ 72%] [32m[1mLinking C shared library libunity_robotics_demo_msgs__rosidl_typesupport_introspection_c.so[0m
[4.150s] [ 72%] Built target unity_robotics_demo_msgs__rosidl_typesupport_introspection_c
[4.264s] [ 74%] [32m[1mLinking CXX shared library libunity_robotics_demo_msgs__rosidl_typesupport_introspection_cpp.so[0m
[4.423s] [ 74%] Built target unity_robotics_demo_msgs__rosidl_typesupport_introspection_cpp
[4.644s] [ 76%] [32m[1mLinking CXX shared library libunity_robotics_demo_msgs__rosidl_typesupport_fastrtps_cpp.so[0m
[4.658s] [ 78%] [32m[1mLinking CXX shared library libunity_robotics_demo_msgs__rosidl_typesupport_fastrtps_c.so[0m
[4.749s] [ 78%] Built target unity_robotics_demo_msgs__rosidl_typesupport_fastrtps_cpp
[4.758s] [ 78%] Built target unity_robotics_demo_msgs__rosidl_typesupport_fastrtps_c
[4.773s] [ 78%] Built target unity_robotics_demo_msgs
[4.790s] [ 80%] [34m[1mGenerating Python code for ROS interfaces[0m
[5.478s] [ 80%] Built target unity_robotics_demo_msgs__py
[5.494s] [ 81%] [32mBuilding C object CMakeFiles/unity_robotics_demo_msgs__rosidl_generator_py.dir/rosidl_generator_py/unity_robotics_demo_msgs/msg/_pos_rot_s.c.o[0m
[5.495s] [ 85%] [32mBuilding C object CMakeFiles/unity_robotics_demo_msgs__rosidl_generator_py.dir/rosidl_generator_py/unity_robotics_demo_msgs/srv/_object_pose_service_s.c.o[0m
[5.495s] [ 85%] [32mBuilding C object CMakeFiles/unity_robotics_demo_msgs__rosidl_generator_py.dir/rosidl_generator_py/unity_robotics_demo_msgs/msg/_unity_color_s.c.o[0m
[5.495s] [ 87%] [32mBuilding C object CMakeFiles/unity_robotics_demo_msgs__rosidl_generator_py.dir/rosidl_generator_py/unity_robotics_demo_msgs/srv/_position_service_s.c.o[0m
[5.665s] [ 89%] [32m[1mLinking C shared library rosidl_generator_py/unity_robotics_demo_msgs/libunity_robotics_demo_msgs__rosidl_generator_py.so[0m
[5.708s] [ 89%] Built target unity_robotics_demo_msgs__rosidl_generator_py
[5.722s] [ 92%] [32mBuilding C object CMakeFiles/unity_robotics_demo_msgs__rosidl_typesupport_fastrtps_c__pyext.dir/rosidl_generator_py/unity_robotics_demo_msgs/_unity_robotics_demo_msgs_s.ep.rosidl_typesupport_fastrtps_c.c.o[0m
[5.722s] [ 92%] [32mBuilding C object CMakeFiles/unity_robotics_demo_msgs__rosidl_typesupport_c__pyext.dir/rosidl_generator_py/unity_robotics_demo_msgs/_unity_robotics_demo_msgs_s.ep.rosidl_typesupport_c.c.o[0m
[5.722s] [ 94%] [32mBuilding C object CMakeFiles/unity_robotics_demo_msgs__rosidl_typesupport_introspection_c__pyext.dir/rosidl_generator_py/unity_robotics_demo_msgs/_unity_robotics_demo_msgs_s.ep.rosidl_typesupport_introspection_c.c.o[0m
[5.866s] [ 98%] [32m[1mLinking C shared library rosidl_generator_py/unity_robotics_demo_msgs/unity_robotics_demo_msgs_s__rosidl_typesupport_introspection_c.cpython-310-x86_64-linux-gnu.so[0m
[5.866s] [ 98%] [32m[1mLinking C shared library rosidl_generator_py/unity_robotics_demo_msgs/unity_robotics_demo_msgs_s__rosidl_typesupport_c.cpython-310-x86_64-linux-gnu.so[0m
[5.867s] [100%] [32m[1mLinking C shared library rosidl_generator_py/unity_robotics_demo_msgs/unity_robotics_demo_msgs_s__rosidl_typesupport_fastrtps_c.cpython-310-x86_64-linux-gnu.so[0m
[5.907s] [100%] Built target unity_robotics_demo_msgs__rosidl_typesupport_c__pyext
[5.907s] [100%] Built target unity_robotics_demo_msgs__rosidl_typesupport_introspection_c__pyext
[5.907s] [100%] Built target unity_robotics_demo_msgs__rosidl_typesupport_fastrtps_c__pyext
[5.919s] Invoked command in '/home/lorenzo/Bureau/Unity_Playground/build/unity_robotics_demo_msgs' returned '0': CMAKE_PREFIX_PATH=/opt/ros/humble /usr/bin/cmake --build /home/lorenzo/Bureau/Unity_Playground/build/unity_robotics_demo_msgs -- -j16 -l16
[5.928s] Invoking command in '/home/lorenzo/Bureau/Unity_Playground/build/unity_robotics_demo_msgs': CMAKE_PREFIX_PATH=/opt/ros/humble /usr/bin/cmake --install /home/lorenzo/Bureau/Unity_Playground/build/unity_robotics_demo_msgs
[5.932s] -- Install configuration: ""
[5.933s] -- Installing: /home/lorenzo/Bureau/Unity_Playground/install/unity_robotics_demo_msgs/share/ament_index/resource_index/rosidl_interfaces/unity_robotics_demo_msgs
[5.933s] -- Installing: /home/lorenzo/Bureau/Unity_Playground/install/unity_robotics_demo_msgs/include/unity_robotics_demo_msgs/unity_robotics_demo_msgs
[5.933s] -- Installing: /home/lorenzo/Bureau/Unity_Playground/install/unity_robotics_demo_msgs/include/unity_robotics_demo_msgs/unity_robotics_demo_msgs/msg
[5.933s] -- Installing: /home/lorenzo/Bureau/Unity_Playground/install/unity_robotics_demo_msgs/include/unity_robotics_demo_msgs/unity_robotics_demo_msgs/msg/pos_rot.h
[5.934s] -- Installing: /home/lorenzo/Bureau/Unity_Playground/install/unity_robotics_demo_msgs/include/unity_robotics_demo_msgs/unity_robotics_demo_msgs/msg/unity_color.h
[5.934s] -- Installing: /home/lorenzo/Bureau/Unity_Playground/install/unity_robotics_demo_msgs/include/unity_robotics_demo_msgs/unity_robotics_demo_msgs/msg/detail
[5.934s] -- Installing: /home/lorenzo/Bureau/Unity_Playground/install/unity_robotics_demo_msgs/include/unity_robotics_demo_msgs/unity_robotics_demo_msgs/msg/detail/pos_rot__type_support.h
[5.934s] -- Installing: /home/lorenzo/Bureau/Unity_Playground/install/unity_robotics_demo_msgs/include/unity_robotics_demo_msgs/unity_robotics_demo_msgs/msg/detail/pos_rot__functions.h
[5.934s] -- Installing: /home/lorenzo/Bureau/Unity_Playground/install/unity_robotics_demo_msgs/include/unity_robotics_demo_msgs/unity_robotics_demo_msgs/msg/detail/unity_color__functions.c
[5.934s] -- Installing: /home/lorenzo/Bureau/Unity_Playground/install/unity_robotics_demo_msgs/include/unity_robotics_demo_msgs/unity_robotics_demo_msgs/msg/detail/pos_rot__struct.h
[5.934s] -- Installing: /home/lorenzo/Bureau/Unity_Playground/install/unity_robotics_demo_msgs/include/unity_robotics_demo_msgs/unity_robotics_demo_msgs/msg/detail/unity_color__functions.h
[5.935s] -- Installing: /home/lorenzo/Bureau/Unity_Playground/install/unity_robotics_demo_msgs/include/unity_robotics_demo_msgs/unity_robotics_demo_msgs/msg/detail/pos_rot__functions.c
[5.935s] -- Installing: /home/lorenzo/Bureau/Unity_Playground/install/unity_robotics_demo_msgs/include/unity_robotics_demo_msgs/unity_robotics_demo_msgs/msg/detail/unity_color__type_support.h
[5.935s] -- Installing: /home/lorenzo/Bureau/Unity_Playground/install/unity_robotics_demo_msgs/include/unity_robotics_demo_msgs/unity_robotics_demo_msgs/msg/detail/unity_color__struct.h
[5.935s] -- Installing: /home/lorenzo/Bureau/Unity_Playground/install/unity_robotics_demo_msgs/include/unity_robotics_demo_msgs/unity_robotics_demo_msgs/msg/rosidl_generator_c__visibility_control.h
[5.935s] -- Installing: /home/lorenzo/Bureau/Unity_Playground/install/unity_robotics_demo_msgs/include/unity_robotics_demo_msgs/unity_robotics_demo_msgs/srv
[5.935s] -- Installing: /home/lorenzo/Bureau/Unity_Playground/install/unity_robotics_demo_msgs/include/unity_robotics_demo_msgs/unity_robotics_demo_msgs/srv/object_pose_service.h
[5.936s] -- Installing: /home/lorenzo/Bureau/Unity_Playground/install/unity_robotics_demo_msgs/include/unity_robotics_demo_msgs/unity_robotics_demo_msgs/srv/position_service.h
[5.936s] -- Installing: /home/lorenzo/Bureau/Unity_Playground/install/unity_robotics_demo_msgs/include/unity_robotics_demo_msgs/unity_robotics_demo_msgs/srv/detail
[5.936s] -- Installing: /home/lorenzo/Bureau/Unity_Playground/install/unity_robotics_demo_msgs/include/unity_robotics_demo_msgs/unity_robotics_demo_msgs/srv/detail/position_service__functions.h
[5.936s] -- Installing: /home/lorenzo/Bureau/Unity_Playground/install/unity_robotics_demo_msgs/include/unity_robotics_demo_msgs/unity_robotics_demo_msgs/srv/detail/position_service__type_support.h
[5.936s] -- Installing: /home/lorenzo/Bureau/Unity_Playground/install/unity_robotics_demo_msgs/include/unity_robotics_demo_msgs/unity_robotics_demo_msgs/srv/detail/position_service__functions.c
[5.937s] -- Installing: /home/lorenzo/Bureau/Unity_Playground/install/unity_robotics_demo_msgs/include/unity_robotics_demo_msgs/unity_robotics_demo_msgs/srv/detail/position_service__struct.h
[5.937s] -- Installing: /home/lorenzo/Bureau/Unity_Playground/install/unity_robotics_demo_msgs/include/unity_robotics_demo_msgs/unity_robotics_demo_msgs/srv/detail/object_pose_service__functions.c
[5.937s] -- Installing: /home/lorenzo/Bureau/Unity_Playground/install/unity_robotics_demo_msgs/include/unity_robotics_demo_msgs/unity_robotics_demo_msgs/srv/detail/object_pose_service__struct.h
[5.937s] -- Installing: /home/lorenzo/Bureau/Unity_Playground/install/unity_robotics_demo_msgs/include/unity_robotics_demo_msgs/unity_robotics_demo_msgs/srv/detail/object_pose_service__type_support.h
[5.937s] -- Installing: /home/lorenzo/Bureau/Unity_Playground/install/unity_robotics_demo_msgs/include/unity_robotics_demo_msgs/unity_robotics_demo_msgs/srv/detail/object_pose_service__functions.h
[5.938s] -- Installing: /home/lorenzo/Bureau/Unity_Playground/install/unity_robotics_demo_msgs/share/unity_robotics_demo_msgs/environment/library_path.sh
[5.938s] -- Installing: /home/lorenzo/Bureau/Unity_Playground/install/unity_robotics_demo_msgs/share/unity_robotics_demo_msgs/environment/library_path.dsv
[5.938s] -- Installing: /home/lorenzo/Bureau/Unity_Playground/install/unity_robotics_demo_msgs/lib/libunity_robotics_demo_msgs__rosidl_generator_c.so
[5.939s] -- Set runtime path of "/home/lorenzo/Bureau/Unity_Playground/install/unity_robotics_demo_msgs/lib/libunity_robotics_demo_msgs__rosidl_generator_c.so" to ""
[5.939s] -- Up-to-date: /home/lorenzo/Bureau/Unity_Playground/install/unity_robotics_demo_msgs/include/unity_robotics_demo_msgs/unity_robotics_demo_msgs
[5.939s] -- Up-to-date: /home/lorenzo/Bureau/Unity_Playground/install/unity_robotics_demo_msgs/include/unity_robotics_demo_msgs/unity_robotics_demo_msgs/msg
[5.939s] -- Installing: /home/lorenzo/Bureau/Unity_Playground/install/unity_robotics_demo_msgs/include/unity_robotics_demo_msgs/unity_robotics_demo_msgs/msg/rosidl_typesupport_fastrtps_c__visibility_control.h
[5.939s] -- Up-to-date: /home/lorenzo/Bureau/Unity_Playground/install/unity_robotics_demo_msgs/include/unity_robotics_demo_msgs/unity_robotics_demo_msgs/msg/detail
[5.939s] -- Installing: /home/lorenzo/Bureau/Unity_Playground/install/unity_robotics_demo_msgs/include/unity_robotics_demo_msgs/unity_robotics_demo_msgs/msg/detail/pos_rot__rosidl_typesupport_fastrtps_c.h
[5.939s] -- Installing: /home/lorenzo/Bureau/Unity_Playground/install/unity_robotics_demo_msgs/include/unity_robotics_demo_msgs/unity_robotics_demo_msgs/msg/detail/unity_color__rosidl_typesupport_fastrtps_c.h
[5.939s] -- Up-to-date: /home/lorenzo/Bureau/Unity_Playground/install/unity_robotics_demo_msgs/include/unity_robotics_demo_msgs/unity_robotics_demo_msgs/srv
[5.940s] -- Up-to-date: /home/lorenzo/Bureau/Unity_Playground/install/unity_robotics_demo_msgs/include/unity_robotics_demo_msgs/unity_robotics_demo_msgs/srv/detail
[5.940s] -- Installing: /home/lorenzo/Bureau/Unity_Playground/install/unity_robotics_demo_msgs/include/unity_robotics_demo_msgs/unity_robotics_demo_msgs/srv/detail/object_pose_service__rosidl_typesupport_fastrtps_c.h
[5.940s] -- Installing: /home/lorenzo/Bureau/Unity_Playground/install/unity_robotics_demo_msgs/include/unity_robotics_demo_msgs/unity_robotics_demo_msgs/srv/detail/position_service__rosidl_typesupport_fastrtps_c.h
[5.940s] -- Installing: /home/lorenzo/Bureau/Unity_Playground/install/unity_robotics_demo_msgs/lib/libunity_robotics_demo_msgs__rosidl_typesupport_fastrtps_c.so
[5.941s] -- Set runtime path of "/home/lorenzo/Bureau/Unity_Playground/install/unity_robotics_demo_msgs/lib/libunity_robotics_demo_msgs__rosidl_typesupport_fastrtps_c.so" to ""
[5.941s] -- Up-to-date: /home/lorenzo/Bureau/Unity_Playground/install/unity_robotics_demo_msgs/include/unity_robotics_demo_msgs/unity_robotics_demo_msgs
[5.941s] -- Up-to-date: /home/lorenzo/Bureau/Unity_Playground/install/unity_robotics_demo_msgs/include/unity_robotics_demo_msgs/unity_robotics_demo_msgs/msg
[5.941s] -- Installing: /home/lorenzo/Bureau/Unity_Playground/install/unity_robotics_demo_msgs/include/unity_robotics_demo_msgs/unity_robotics_demo_msgs/msg/rosidl_typesupport_introspection_c__visibility_control.h
[5.941s] -- Up-to-date: /home/lorenzo/Bureau/Unity_Playground/install/unity_robotics_demo_msgs/include/unity_robotics_demo_msgs/unity_robotics_demo_msgs/msg/detail
[5.941s] -- Installing: /home/lorenzo/Bureau/Unity_Playground/install/unity_robotics_demo_msgs/include/unity_robotics_demo_msgs/unity_robotics_demo_msgs/msg/detail/unity_color__type_support.c
[5.941s] -- Installing: /home/lorenzo/Bureau/Unity_Playground/install/unity_robotics_demo_msgs/include/unity_robotics_demo_msgs/unity_robotics_demo_msgs/msg/detail/pos_rot__rosidl_typesupport_introspection_c.h
[5.941s] -- Installing: /home/lorenzo/Bureau/Unity_Playground/install/unity_robotics_demo_msgs/include/unity_robotics_demo_msgs/unity_robotics_demo_msgs/msg/detail/unity_color__rosidl_typesupport_introspection_c.h
[5.942s] -- Installing: /home/lorenzo/Bureau/Unity_Playground/install/unity_robotics_demo_msgs/include/unity_robotics_demo_msgs/unity_robotics_demo_msgs/msg/detail/pos_rot__type_support.c
[5.942s] -- Up-to-date: /home/lorenzo/Bureau/Unity_Playground/install/unity_robotics_demo_msgs/include/unity_robotics_demo_msgs/unity_robotics_demo_msgs/srv
[5.942s] -- Up-to-date: /home/lorenzo/Bureau/Unity_Playground/install/unity_robotics_demo_msgs/include/unity_robotics_demo_msgs/unity_robotics_demo_msgs/srv/detail
[5.942s] -- Installing: /home/lorenzo/Bureau/Unity_Playground/install/unity_robotics_demo_msgs/include/unity_robotics_demo_msgs/unity_robotics_demo_msgs/srv/detail/object_pose_service__rosidl_typesupport_introspection_c.h
[5.942s] -- Installing: /home/lorenzo/Bureau/Unity_Playground/install/unity_robotics_demo_msgs/include/unity_robotics_demo_msgs/unity_robotics_demo_msgs/srv/detail/object_pose_service__type_support.c
[5.942s] -- Installing: /home/lorenzo/Bureau/Unity_Playground/install/unity_robotics_demo_msgs/include/unity_robotics_demo_msgs/unity_robotics_demo_msgs/srv/detail/position_service__type_support.c
[5.942s] -- Installing: /home/lorenzo/Bureau/Unity_Playground/install/unity_robotics_demo_msgs/include/unity_robotics_demo_msgs/unity_robotics_demo_msgs/srv/detail/position_service__rosidl_typesupport_introspection_c.h
[5.943s] -- Installing: /home/lorenzo/Bureau/Unity_Playground/install/unity_robotics_demo_msgs/lib/libunity_robotics_demo_msgs__rosidl_typesupport_introspection_c.so
[5.943s] -- Set runtime path of "/home/lorenzo/Bureau/Unity_Playground/install/unity_robotics_demo_msgs/lib/libunity_robotics_demo_msgs__rosidl_typesupport_introspection_c.so" to ""
[5.943s] -- Installing: /home/lorenzo/Bureau/Unity_Playground/install/unity_robotics_demo_msgs/lib/libunity_robotics_demo_msgs__rosidl_typesupport_c.so
[5.944s] -- Set runtime path of "/home/lorenzo/Bureau/Unity_Playground/install/unity_robotics_demo_msgs/lib/libunity_robotics_demo_msgs__rosidl_typesupport_c.so" to ""
[5.944s] -- Up-to-date: /home/lorenzo/Bureau/Unity_Playground/install/unity_robotics_demo_msgs/include/unity_robotics_demo_msgs/unity_robotics_demo_msgs
[5.944s] -- Up-to-date: /home/lorenzo/Bureau/Unity_Playground/install/unity_robotics_demo_msgs/include/unity_robotics_demo_msgs/unity_robotics_demo_msgs/msg
[5.944s] -- Installing: /home/lorenzo/Bureau/Unity_Playground/install/unity_robotics_demo_msgs/include/unity_robotics_demo_msgs/unity_robotics_demo_msgs/msg/unity_color.hpp
[5.944s] -- Installing: /home/lorenzo/Bureau/Unity_Playground/install/unity_robotics_demo_msgs/include/unity_robotics_demo_msgs/unity_robotics_demo_msgs/msg/pos_rot.hpp
[5.944s] -- Installing: /home/lorenzo/Bureau/Unity_Playground/install/unity_robotics_demo_msgs/include/unity_robotics_demo_msgs/unity_robotics_demo_msgs/msg/rosidl_generator_cpp__visibility_control.hpp
[5.944s] -- Up-to-date: /home/lorenzo/Bureau/Unity_Playground/install/unity_robotics_demo_msgs/include/unity_robotics_demo_msgs/unity_robotics_demo_msgs/msg/detail
[5.944s] -- Installing: /home/lorenzo/Bureau/Unity_Playground/install/unity_robotics_demo_msgs/include/unity_robotics_demo_msgs/unity_robotics_demo_msgs/msg/detail/unity_color__struct.hpp
[5.944s] -- Installing: /home/lorenzo/Bureau/Unity_Playground/install/unity_robotics_demo_msgs/include/unity_robotics_demo_msgs/unity_robotics_demo_msgs/msg/detail/pos_rot__struct.hpp
[5.945s] -- Installing: /home/lorenzo/Bureau/Unity_Playground/install/unity_robotics_demo_msgs/include/unity_robotics_demo_msgs/unity_robotics_demo_msgs/msg/detail/unity_color__traits.hpp
[5.945s] -- Installing: /home/lorenzo/Bureau/Unity_Playground/install/unity_robotics_demo_msgs/include/unity_robotics_demo_msgs/unity_robotics_demo_msgs/msg/detail/pos_rot__type_support.hpp
[5.945s] -- Installing: /home/lorenzo/Bureau/Unity_Playground/install/unity_robotics_demo_msgs/include/unity_robotics_demo_msgs/unity_robotics_demo_msgs/msg/detail/pos_rot__traits.hpp
[5.945s] -- Installing: /home/lorenzo/Bureau/Unity_Playground/install/unity_robotics_demo_msgs/include/unity_robotics_demo_msgs/unity_robotics_demo_msgs/msg/detail/unity_color__builder.hpp
[5.945s] -- Installing: /home/lorenzo/Bureau/Unity_Playground/install/unity_robotics_demo_msgs/include/unity_robotics_demo_msgs/unity_robotics_demo_msgs/msg/detail/pos_rot__builder.hpp
[5.946s] -- Installing: /home/lorenzo/Bureau/Unity_Playground/install/unity_robotics_demo_msgs/include/unity_robotics_demo_msgs/unity_robotics_demo_msgs/msg/detail/unity_color__type_support.hpp
[5.946s] -- Up-to-date: /home/lorenzo/Bureau/Unity_Playground/install/unity_robotics_demo_msgs/include/unity_robotics_demo_msgs/unity_robotics_demo_msgs/srv
[5.946s] -- Installing: /home/lorenzo/Bureau/Unity_Playground/install/unity_robotics_demo_msgs/include/unity_robotics_demo_msgs/unity_robotics_demo_msgs/srv/object_pose_service.hpp
[5.946s] -- Installing: /home/lorenzo/Bureau/Unity_Playground/install/unity_robotics_demo_msgs/include/unity_robotics_demo_msgs/unity_robotics_demo_msgs/srv/position_service.hpp
[5.946s] -- Up-to-date: /home/lorenzo/Bureau/Unity_Playground/install/unity_robotics_demo_msgs/include/unity_robotics_demo_msgs/unity_robotics_demo_msgs/srv/detail
[5.946s] -- Installing: /home/lorenzo/Bureau/Unity_Playground/install/unity_robotics_demo_msgs/include/unity_robotics_demo_msgs/unity_robotics_demo_msgs/srv/detail/position_service__builder.hpp
[5.946s] -- Installing: /home/lorenzo/Bureau/Unity_Playground/install/unity_robotics_demo_msgs/include/unity_robotics_demo_msgs/unity_robotics_demo_msgs/srv/detail/object_pose_service__type_support.hpp
[5.946s] -- Installing: /home/lorenzo/Bureau/Unity_Playground/install/unity_robotics_demo_msgs/include/unity_robotics_demo_msgs/unity_robotics_demo_msgs/srv/detail/position_service__struct.hpp
[5.947s] -- Installing: /home/lorenzo/Bureau/Unity_Playground/install/unity_robotics_demo_msgs/include/unity_robotics_demo_msgs/unity_robotics_demo_msgs/srv/detail/position_service__type_support.hpp
[5.947s] -- Installing: /home/lorenzo/Bureau/Unity_Playground/install/unity_robotics_demo_msgs/include/unity_robotics_demo_msgs/unity_robotics_demo_msgs/srv/detail/position_service__traits.hpp
[5.947s] -- Installing: /home/lorenzo/Bureau/Unity_Playground/install/unity_robotics_demo_msgs/include/unity_robotics_demo_msgs/unity_robotics_demo_msgs/srv/detail/object_pose_service__struct.hpp
[5.947s] -- Installing: /home/lorenzo/Bureau/Unity_Playground/install/unity_robotics_demo_msgs/include/unity_robotics_demo_msgs/unity_robotics_demo_msgs/srv/detail/object_pose_service__builder.hpp
[5.947s] -- Installing: /home/lorenzo/Bureau/Unity_Playground/install/unity_robotics_demo_msgs/include/unity_robotics_demo_msgs/unity_robotics_demo_msgs/srv/detail/object_pose_service__traits.hpp
[5.948s] -- Up-to-date: /home/lorenzo/Bureau/Unity_Playground/install/unity_robotics_demo_msgs/include/unity_robotics_demo_msgs/unity_robotics_demo_msgs
[5.948s] -- Up-to-date: /home/lorenzo/Bureau/Unity_Playground/install/unity_robotics_demo_msgs/include/unity_robotics_demo_msgs/unity_robotics_demo_msgs/msg
[5.948s] -- Installing: /home/lorenzo/Bureau/Unity_Playground/install/unity_robotics_demo_msgs/include/unity_robotics_demo_msgs/unity_robotics_demo_msgs/msg/rosidl_typesupport_fastrtps_cpp__visibility_control.h
[5.948s] -- Up-to-date: /home/lorenzo/Bureau/Unity_Playground/install/unity_robotics_demo_msgs/include/unity_robotics_demo_msgs/unity_robotics_demo_msgs/msg/detail
[5.948s] -- Installing: /home/lorenzo/Bureau/Unity_Playground/install/unity_robotics_demo_msgs/include/unity_robotics_demo_msgs/unity_robotics_demo_msgs/msg/detail/pos_rot__rosidl_typesupport_fastrtps_cpp.hpp
[5.948s] -- Installing: /home/lorenzo/Bureau/Unity_Playground/install/unity_robotics_demo_msgs/include/unity_robotics_demo_msgs/unity_robotics_demo_msgs/msg/detail/unity_color__rosidl_typesupport_fastrtps_cpp.hpp
[5.948s] -- Installing: /home/lorenzo/Bureau/Unity_Playground/install/unity_robotics_demo_msgs/include/unity_robotics_demo_msgs/unity_robotics_demo_msgs/msg/detail/dds_fastrtps
[5.948s] -- Up-to-date: /home/lorenzo/Bureau/Unity_Playground/install/unity_robotics_demo_msgs/include/unity_robotics_demo_msgs/unity_robotics_demo_msgs/srv
[5.948s] -- Up-to-date: /home/lorenzo/Bureau/Unity_Playground/install/unity_robotics_demo_msgs/include/unity_robotics_demo_msgs/unity_robotics_demo_msgs/srv/detail
[5.949s] -- Installing: /home/lorenzo/Bureau/Unity_Playground/install/unity_robotics_demo_msgs/include/unity_robotics_demo_msgs/unity_robotics_demo_msgs/srv/detail/position_service__rosidl_typesupport_fastrtps_cpp.hpp
[5.949s] -- Installing: /home/lorenzo/Bureau/Unity_Playground/install/unity_robotics_demo_msgs/include/unity_robotics_demo_msgs/unity_robotics_demo_msgs/srv/detail/object_pose_service__rosidl_typesupport_fastrtps_cpp.hpp
[5.949s] -- Installing: /home/lorenzo/Bureau/Unity_Playground/install/unity_robotics_demo_msgs/include/unity_robotics_demo_msgs/unity_robotics_demo_msgs/srv/detail/dds_fastrtps
[5.949s] -- Installing: /home/lorenzo/Bureau/Unity_Playground/install/unity_robotics_demo_msgs/lib/libunity_robotics_demo_msgs__rosidl_typesupport_fastrtps_cpp.so
[5.950s] -- Set runtime path of "/home/lorenzo/Bureau/Unity_Playground/install/unity_robotics_demo_msgs/lib/libunity_robotics_demo_msgs__rosidl_typesupport_fastrtps_cpp.so" to ""
[5.950s] -- Up-to-date: /home/lorenzo/Bureau/Unity_Playground/install/unity_robotics_demo_msgs/include/unity_robotics_demo_msgs/unity_robotics_demo_msgs
[5.950s] -- Up-to-date: /home/lorenzo/Bureau/Unity_Playground/install/unity_robotics_demo_msgs/include/unity_robotics_demo_msgs/unity_robotics_demo_msgs/msg
[5.950s] -- Up-to-date: /home/lorenzo/Bureau/Unity_Playground/install/unity_robotics_demo_msgs/include/unity_robotics_demo_msgs/unity_robotics_demo_msgs/msg/detail
[5.950s] -- Installing: /home/lorenzo/Bureau/Unity_Playground/install/unity_robotics_demo_msgs/include/unity_robotics_demo_msgs/unity_robotics_demo_msgs/msg/detail/pos_rot__type_support.cpp
[5.950s] -- Installing: /home/lorenzo/Bureau/Unity_Playground/install/unity_robotics_demo_msgs/include/unity_robotics_demo_msgs/unity_robotics_demo_msgs/msg/detail/unity_color__rosidl_typesupport_introspection_cpp.hpp
[5.950s] -- Installing: /home/lorenzo/Bureau/Unity_Playground/install/unity_robotics_demo_msgs/include/unity_robotics_demo_msgs/unity_robotics_demo_msgs/msg/detail/pos_rot__rosidl_typesupport_introspection_cpp.hpp
[5.950s] -- Installing: /home/lorenzo/Bureau/Unity_Playground/install/unity_robotics_demo_msgs/include/unity_robotics_demo_msgs/unity_robotics_demo_msgs/msg/detail/unity_color__type_support.cpp
[5.950s] -- Up-to-date: /home/lorenzo/Bureau/Unity_Playground/install/unity_robotics_demo_msgs/include/unity_robotics_demo_msgs/unity_robotics_demo_msgs/srv
[5.951s] -- Up-to-date: /home/lorenzo/Bureau/Unity_Playground/install/unity_robotics_demo_msgs/include/unity_robotics_demo_msgs/unity_robotics_demo_msgs/srv/detail
[5.951s] -- Installing: /home/lorenzo/Bureau/Unity_Playground/install/unity_robotics_demo_msgs/include/unity_robotics_demo_msgs/unity_robotics_demo_msgs/srv/detail/object_pose_service__rosidl_typesupport_introspection_cpp.hpp
[5.951s] -- Installing: /home/lorenzo/Bureau/Unity_Playground/install/unity_robotics_demo_msgs/include/unity_robotics_demo_msgs/unity_robotics_demo_msgs/srv/detail/position_service__type_support.cpp
[5.951s] -- Installing: /home/lorenzo/Bureau/Unity_Playground/install/unity_robotics_demo_msgs/include/unity_robotics_demo_msgs/unity_robotics_demo_msgs/srv/detail/object_pose_service__type_support.cpp
[5.951s] -- Installing: /home/lorenzo/Bureau/Unity_Playground/install/unity_robotics_demo_msgs/include/unity_robotics_demo_msgs/unity_robotics_demo_msgs/srv/detail/position_service__rosidl_typesupport_introspection_cpp.hpp
[5.951s] -- Installing: /home/lorenzo/Bureau/Unity_Playground/install/unity_robotics_demo_msgs/lib/libunity_robotics_demo_msgs__rosidl_typesupport_introspection_cpp.so
[5.952s] -- Set runtime path of "/home/lorenzo/Bureau/Unity_Playground/install/unity_robotics_demo_msgs/lib/libunity_robotics_demo_msgs__rosidl_typesupport_introspection_cpp.so" to ""
[5.952s] -- Installing: /home/lorenzo/Bureau/Unity_Playground/install/unity_robotics_demo_msgs/lib/libunity_robotics_demo_msgs__rosidl_typesupport_cpp.so
[5.952s] -- Set runtime path of "/home/lorenzo/Bureau/Unity_Playground/install/unity_robotics_demo_msgs/lib/libunity_robotics_demo_msgs__rosidl_typesupport_cpp.so" to ""
[5.953s] -- Installing: /home/lorenzo/Bureau/Unity_Playground/install/unity_robotics_demo_msgs/share/unity_robotics_demo_msgs/environment/pythonpath.sh
[5.953s] -- Installing: /home/lorenzo/Bureau/Unity_Playground/install/unity_robotics_demo_msgs/share/unity_robotics_demo_msgs/environment/pythonpath.dsv
[5.953s] -- Installing: /home/lorenzo/Bureau/Unity_Playground/install/unity_robotics_demo_msgs/local/lib/python3.10/dist-packages/unity_robotics_demo_msgs-0.0.1-py3.10.egg-info
[5.953s] -- Installing: /home/lorenzo/Bureau/Unity_Playground/install/unity_robotics_demo_msgs/local/lib/python3.10/dist-packages/unity_robotics_demo_msgs-0.0.1-py3.10.egg-info/top_level.txt
[5.953s] -- Installing: /home/lorenzo/Bureau/Unity_Playground/install/unity_robotics_demo_msgs/local/lib/python3.10/dist-packages/unity_robotics_demo_msgs-0.0.1-py3.10.egg-info/PKG-INFO
[5.953s] -- Installing: /home/lorenzo/Bureau/Unity_Playground/install/unity_robotics_demo_msgs/local/lib/python3.10/dist-packages/unity_robotics_demo_msgs-0.0.1-py3.10.egg-info/dependency_links.txt
[5.954s] -- Installing: /home/lorenzo/Bureau/Unity_Playground/install/unity_robotics_demo_msgs/local/lib/python3.10/dist-packages/unity_robotics_demo_msgs-0.0.1-py3.10.egg-info/SOURCES.txt
[5.954s] -- Installing: /home/lorenzo/Bureau/Unity_Playground/install/unity_robotics_demo_msgs/local/lib/python3.10/dist-packages/unity_robotics_demo_msgs
[5.954s] -- Installing: /home/lorenzo/Bureau/Unity_Playground/install/unity_robotics_demo_msgs/local/lib/python3.10/dist-packages/unity_robotics_demo_msgs/unity_robotics_demo_msgs_s__rosidl_typesupport_fastrtps_c.cpython-310-x86_64-linux-gnu.so
[5.954s] -- Installing: /home/lorenzo/Bureau/Unity_Playground/install/unity_robotics_demo_msgs/local/lib/python3.10/dist-packages/unity_robotics_demo_msgs/msg
[5.954s] -- Installing: /home/lorenzo/Bureau/Unity_Playground/install/unity_robotics_demo_msgs/local/lib/python3.10/dist-packages/unity_robotics_demo_msgs/msg/_pos_rot.py
[5.954s] -- Installing: /home/lorenzo/Bureau/Unity_Playground/install/unity_robotics_demo_msgs/local/lib/python3.10/dist-packages/unity_robotics_demo_msgs/msg/_unity_color.py
[5.955s] -- Installing: /home/lorenzo/Bureau/Unity_Playground/install/unity_robotics_demo_msgs/local/lib/python3.10/dist-packages/unity_robotics_demo_msgs/msg/__init__.py
[5.955s] -- Installing: /home/lorenzo/Bureau/Unity_Playground/install/unity_robotics_demo_msgs/local/lib/python3.10/dist-packages/unity_robotics_demo_msgs/msg/_pos_rot_s.c
[5.955s] -- Installing: /home/lorenzo/Bureau/Unity_Playground/install/unity_robotics_demo_msgs/local/lib/python3.10/dist-packages/unity_robotics_demo_msgs/msg/_unity_color_s.c
[5.955s] -- Installing: /home/lorenzo/Bureau/Unity_Playground/install/unity_robotics_demo_msgs/local/lib/python3.10/dist-packages/unity_robotics_demo_msgs/_unity_robotics_demo_msgs_s.ep.rosidl_typesupport_c.c
[5.955s] -- Installing: /home/lorenzo/Bureau/Unity_Playground/install/unity_robotics_demo_msgs/local/lib/python3.10/dist-packages/unity_robotics_demo_msgs/_unity_robotics_demo_msgs_s.ep.rosidl_typesupport_fastrtps_c.c
[5.956s] -- Installing: /home/lorenzo/Bureau/Unity_Playground/install/unity_robotics_demo_msgs/local/lib/python3.10/dist-packages/unity_robotics_demo_msgs/libunity_robotics_demo_msgs__rosidl_generator_py.so
[5.956s] -- Installing: /home/lorenzo/Bureau/Unity_Playground/install/unity_robotics_demo_msgs/local/lib/python3.10/dist-packages/unity_robotics_demo_msgs/unity_robotics_demo_msgs_s__rosidl_typesupport_c.cpython-310-x86_64-linux-gnu.so
[5.956s] -- Installing: /home/lorenzo/Bureau/Unity_Playground/install/unity_robotics_demo_msgs/local/lib/python3.10/dist-packages/unity_robotics_demo_msgs/__init__.py
[5.956s] -- Installing: /home/lorenzo/Bureau/Unity_Playground/install/unity_robotics_demo_msgs/local/lib/python3.10/dist-packages/unity_robotics_demo_msgs/unity_robotics_demo_msgs_s__rosidl_typesupport_introspection_c.cpython-310-x86_64-linux-gnu.so
[5.956s] -- Installing: /home/lorenzo/Bureau/Unity_Playground/install/unity_robotics_demo_msgs/local/lib/python3.10/dist-packages/unity_robotics_demo_msgs/_unity_robotics_demo_msgs_s.ep.rosidl_typesupport_introspection_c.c
[5.957s] -- Installing: /home/lorenzo/Bureau/Unity_Playground/install/unity_robotics_demo_msgs/local/lib/python3.10/dist-packages/unity_robotics_demo_msgs/srv
[5.957s] -- Installing: /home/lorenzo/Bureau/Unity_Playground/install/unity_robotics_demo_msgs/local/lib/python3.10/dist-packages/unity_robotics_demo_msgs/srv/_object_pose_service.py
[5.957s] -- Installing: /home/lorenzo/Bureau/Unity_Playground/install/unity_robotics_demo_msgs/local/lib/python3.10/dist-packages/unity_robotics_demo_msgs/srv/_position_service.py
[5.957s] -- Installing: /home/lorenzo/Bureau/Unity_Playground/install/unity_robotics_demo_msgs/local/lib/python3.10/dist-packages/unity_robotics_demo_msgs/srv/_object_pose_service_s.c
[5.957s] -- Installing: /home/lorenzo/Bureau/Unity_Playground/install/unity_robotics_demo_msgs/local/lib/python3.10/dist-packages/unity_robotics_demo_msgs/srv/__init__.py
[5.957s] -- Installing: /home/lorenzo/Bureau/Unity_Playground/install/unity_robotics_demo_msgs/local/lib/python3.10/dist-packages/unity_robotics_demo_msgs/srv/_position_service_s.c
[5.997s] Listing '/home/lorenzo/Bureau/Unity_Playground/install/unity_robotics_demo_msgs/local/lib/python3.10/dist-packages/unity_robotics_demo_msgs'...
[5.997s] Compiling '/home/lorenzo/Bureau/Unity_Playground/install/unity_robotics_demo_msgs/local/lib/python3.10/dist-packages/unity_robotics_demo_msgs/__init__.py'...
[5.997s] Listing '/home/lorenzo/Bureau/Unity_Playground/install/unity_robotics_demo_msgs/local/lib/python3.10/dist-packages/unity_robotics_demo_msgs/msg'...
[5.997s] Compiling '/home/lorenzo/Bureau/Unity_Playground/install/unity_robotics_demo_msgs/local/lib/python3.10/dist-packages/unity_robotics_demo_msgs/msg/__init__.py'...
[5.997s] Compiling '/home/lorenzo/Bureau/Unity_Playground/install/unity_robotics_demo_msgs/local/lib/python3.10/dist-packages/unity_robotics_demo_msgs/msg/_pos_rot.py'...
[5.998s] Compiling '/home/lorenzo/Bureau/Unity_Playground/install/unity_robotics_demo_msgs/local/lib/python3.10/dist-packages/unity_robotics_demo_msgs/msg/_unity_color.py'...
[5.998s] Listing '/home/lorenzo/Bureau/Unity_Playground/install/unity_robotics_demo_msgs/local/lib/python3.10/dist-packages/unity_robotics_demo_msgs/srv'...
[5.998s] Compiling '/home/lorenzo/Bureau/Unity_Playground/install/unity_robotics_demo_msgs/local/lib/python3.10/dist-packages/unity_robotics_demo_msgs/srv/__init__.py'...
[5.998s] Compiling '/home/lorenzo/Bureau/Unity_Playground/install/unity_robotics_demo_msgs/local/lib/python3.10/dist-packages/unity_robotics_demo_msgs/srv/_object_pose_service.py'...
[5.998s] Compiling '/home/lorenzo/Bureau/Unity_Playground/install/unity_robotics_demo_msgs/local/lib/python3.10/dist-packages/unity_robotics_demo_msgs/srv/_position_service.py'...
[6.003s] -- Installing: /home/lorenzo/Bureau/Unity_Playground/install/unity_robotics_demo_msgs/local/lib/python3.10/dist-packages/unity_robotics_demo_msgs/unity_robotics_demo_msgs_s__rosidl_typesupport_fastrtps_c.cpython-310-x86_64-linux-gnu.so
[6.003s] -- Set runtime path of "/home/lorenzo/Bureau/Unity_Playground/install/unity_robotics_demo_msgs/local/lib/python3.10/dist-packages/unity_robotics_demo_msgs/unity_robotics_demo_msgs_s__rosidl_typesupport_fastrtps_c.cpython-310-x86_64-linux-gnu.so" to ""
[6.004s] -- Installing: /home/lorenzo/Bureau/Unity_Playground/install/unity_robotics_demo_msgs/local/lib/python3.10/dist-packages/unity_robotics_demo_msgs/unity_robotics_demo_msgs_s__rosidl_typesupport_introspection_c.cpython-310-x86_64-linux-gnu.so
[6.004s] -- Set runtime path of "/home/lorenzo/Bureau/Unity_Playground/install/unity_robotics_demo_msgs/local/lib/python3.10/dist-packages/unity_robotics_demo_msgs/unity_robotics_demo_msgs_s__rosidl_typesupport_introspection_c.cpython-310-x86_64-linux-gnu.so" to ""
[6.004s] -- Installing: /home/lorenzo/Bureau/Unity_Playground/install/unity_robotics_demo_msgs/local/lib/python3.10/dist-packages/unity_robotics_demo_msgs/unity_robotics_demo_msgs_s__rosidl_typesupport_c.cpython-310-x86_64-linux-gnu.so
[6.005s] -- Set runtime path of "/home/lorenzo/Bureau/Unity_Playground/install/unity_robotics_demo_msgs/local/lib/python3.10/dist-packages/unity_robotics_demo_msgs/unity_robotics_demo_msgs_s__rosidl_typesupport_c.cpython-310-x86_64-linux-gnu.so" to ""
[6.005s] -- Installing: /home/lorenzo/Bureau/Unity_Playground/install/unity_robotics_demo_msgs/lib/libunity_robotics_demo_msgs__rosidl_generator_py.so
[6.005s] -- Set runtime path of "/home/lorenzo/Bureau/Unity_Playground/install/unity_robotics_demo_msgs/lib/libunity_robotics_demo_msgs__rosidl_generator_py.so" to ""
[6.006s] -- Installing: /home/lorenzo/Bureau/Unity_Playground/install/unity_robotics_demo_msgs/share/unity_robotics_demo_msgs/msg/PosRot.idl
[6.006s] -- Installing: /home/lorenzo/Bureau/Unity_Playground/install/unity_robotics_demo_msgs/share/unity_robotics_demo_msgs/msg/UnityColor.idl
[6.006s] -- Installing: /home/lorenzo/Bureau/Unity_Playground/install/unity_robotics_demo_msgs/share/unity_robotics_demo_msgs/srv/PositionService.idl
[6.006s] -- Installing: /home/lorenzo/Bureau/Unity_Playground/install/unity_robotics_demo_msgs/share/unity_robotics_demo_msgs/srv/ObjectPoseService.idl
[6.006s] -- Installing: /home/lorenzo/Bureau/Unity_Playground/install/unity_robotics_demo_msgs/share/unity_robotics_demo_msgs/msg/PosRot.msg
[6.006s] -- Installing: /home/lorenzo/Bureau/Unity_Playground/install/unity_robotics_demo_msgs/share/unity_robotics_demo_msgs/msg/UnityColor.msg
[6.007s] -- Installing: /home/lorenzo/Bureau/Unity_Playground/install/unity_robotics_demo_msgs/share/unity_robotics_demo_msgs/srv/PositionService.srv
[6.007s] -- Installing: /home/lorenzo/Bureau/Unity_Playground/install/unity_robotics_demo_msgs/share/unity_robotics_demo_msgs/srv/PositionService_Request.msg
[6.007s] -- Installing: /home/lorenzo/Bureau/Unity_Playground/install/unity_robotics_demo_msgs/share/unity_robotics_demo_msgs/srv/PositionService_Response.msg
[6.007s] -- Installing: /home/lorenzo/Bureau/Unity_Playground/install/unity_robotics_demo_msgs/share/unity_robotics_demo_msgs/srv/ObjectPoseService.srv
[6.007s] -- Installing: /home/lorenzo/Bureau/Unity_Playground/install/unity_robotics_demo_msgs/share/unity_robotics_demo_msgs/srv/ObjectPoseService_Request.msg
[6.008s] -- Installing: /home/lorenzo/Bureau/Unity_Playground/install/unity_robotics_demo_msgs/share/unity_robotics_demo_msgs/srv/ObjectPoseService_Response.msg
[6.008s] -- Installing: /home/lorenzo/Bureau/Unity_Playground/install/unity_robotics_demo_msgs/share/ament_index/resource_index/package_run_dependencies/unity_robotics_demo_msgs
[6.008s] -- Installing: /home/lorenzo/Bureau/Unity_Playground/install/unity_robotics_demo_msgs/share/ament_index/resource_index/parent_prefix_path/unity_robotics_demo_msgs
[6.008s] -- Installing: /home/lorenzo/Bureau/Unity_Playground/install/unity_robotics_demo_msgs/share/unity_robotics_demo_msgs/environment/ament_prefix_path.sh
[6.009s] -- Installing: /home/lorenzo/Bureau/Unity_Playground/install/unity_robotics_demo_msgs/share/unity_robotics_demo_msgs/environment/ament_prefix_path.dsv
[6.009s] -- Installing: /home/lorenzo/Bureau/Unity_Playground/install/unity_robotics_demo_msgs/share/unity_robotics_demo_msgs/environment/path.sh
[6.009s] -- Installing: /home/lorenzo/Bureau/Unity_Playground/install/unity_robotics_demo_msgs/share/unity_robotics_demo_msgs/environment/path.dsv
[6.009s] -- Installing: /home/lorenzo/Bureau/Unity_Playground/install/unity_robotics_demo_msgs/share/unity_robotics_demo_msgs/local_setup.bash
[6.009s] -- Installing: /home/lorenzo/Bureau/Unity_Playground/install/unity_robotics_demo_msgs/share/unity_robotics_demo_msgs/local_setup.sh
[6.009s] -- Installing: /home/lorenzo/Bureau/Unity_Playground/install/unity_robotics_demo_msgs/share/unity_robotics_demo_msgs/local_setup.zsh
[6.010s] -- Installing: /home/lorenzo/Bureau/Unity_Playground/install/unity_robotics_demo_msgs/share/unity_robotics_demo_msgs/local_setup.dsv
[6.010s] -- Installing: /home/lorenzo/Bureau/Unity_Playground/install/unity_robotics_demo_msgs/share/unity_robotics_demo_msgs/package.dsv
[6.010s] -- Installing: /home/lorenzo/Bureau/Unity_Playground/install/unity_robotics_demo_msgs/share/ament_index/resource_index/packages/unity_robotics_demo_msgs
[6.010s] -- Installing: /home/lorenzo/Bureau/Unity_Playground/install/unity_robotics_demo_msgs/share/unity_robotics_demo_msgs/cmake/export_unity_robotics_demo_msgs__rosidl_generator_cExport.cmake
[6.010s] -- Installing: /home/lorenzo/Bureau/Unity_Playground/install/unity_robotics_demo_msgs/share/unity_robotics_demo_msgs/cmake/export_unity_robotics_demo_msgs__rosidl_generator_cExport-noconfig.cmake
[6.011s] -- Installing: /home/lorenzo/Bureau/Unity_Playground/install/unity_robotics_demo_msgs/share/unity_robotics_demo_msgs/cmake/export_unity_robotics_demo_msgs__rosidl_typesupport_fastrtps_cExport.cmake
[6.011s] -- Installing: /home/lorenzo/Bureau/Unity_Playground/install/unity_robotics_demo_msgs/share/unity_robotics_demo_msgs/cmake/export_unity_robotics_demo_msgs__rosidl_typesupport_fastrtps_cExport-noconfig.cmake
[6.011s] -- Installing: /home/lorenzo/Bureau/Unity_Playground/install/unity_robotics_demo_msgs/share/unity_robotics_demo_msgs/cmake/unity_robotics_demo_msgs__rosidl_typesupport_introspection_cExport.cmake
[6.011s] -- Installing: /home/lorenzo/Bureau/Unity_Playground/install/unity_robotics_demo_msgs/share/unity_robotics_demo_msgs/cmake/unity_robotics_demo_msgs__rosidl_typesupport_introspection_cExport-noconfig.cmake
[6.011s] -- Installing: /home/lorenzo/Bureau/Unity_Playground/install/unity_robotics_demo_msgs/share/unity_robotics_demo_msgs/cmake/unity_robotics_demo_msgs__rosidl_typesupport_cExport.cmake
[6.012s] -- Installing: /home/lorenzo/Bureau/Unity_Playground/install/unity_robotics_demo_msgs/share/unity_robotics_demo_msgs/cmake/unity_robotics_demo_msgs__rosidl_typesupport_cExport-noconfig.cmake
[6.012s] -- Installing: /home/lorenzo/Bureau/Unity_Playground/install/unity_robotics_demo_msgs/share/unity_robotics_demo_msgs/cmake/export_unity_robotics_demo_msgs__rosidl_generator_cppExport.cmake
[6.012s] -- Installing: /home/lorenzo/Bureau/Unity_Playground/install/unity_robotics_demo_msgs/share/unity_robotics_demo_msgs/cmake/export_unity_robotics_demo_msgs__rosidl_typesupport_fastrtps_cppExport.cmake
[6.012s] -- Installing: /home/lorenzo/Bureau/Unity_Playground/install/unity_robotics_demo_msgs/share/unity_robotics_demo_msgs/cmake/export_unity_robotics_demo_msgs__rosidl_typesupport_fastrtps_cppExport-noconfig.cmake
[6.012s] -- Installing: /home/lorenzo/Bureau/Unity_Playground/install/unity_robotics_demo_msgs/share/unity_robotics_demo_msgs/cmake/unity_robotics_demo_msgs__rosidl_typesupport_introspection_cppExport.cmake
[6.013s] -- Installing: /home/lorenzo/Bureau/Unity_Playground/install/unity_robotics_demo_msgs/share/unity_robotics_demo_msgs/cmake/unity_robotics_demo_msgs__rosidl_typesupport_introspection_cppExport-noconfig.cmake
[6.013s] -- Installing: /home/lorenzo/Bureau/Unity_Playground/install/unity_robotics_demo_msgs/share/unity_robotics_demo_msgs/cmake/unity_robotics_demo_msgs__rosidl_typesupport_cppExport.cmake
[6.013s] -- Installing: /home/lorenzo/Bureau/Unity_Playground/install/unity_robotics_demo_msgs/share/unity_robotics_demo_msgs/cmake/unity_robotics_demo_msgs__rosidl_typesupport_cppExport-noconfig.cmake
[6.013s] -- Installing: /home/lorenzo/Bureau/Unity_Playground/install/unity_robotics_demo_msgs/share/unity_robotics_demo_msgs/cmake/export_unity_robotics_demo_msgs__rosidl_generator_pyExport.cmake
[6.013s] -- Installing: /home/lorenzo/Bureau/Unity_Playground/install/unity_robotics_demo_msgs/share/unity_robotics_demo_msgs/cmake/export_unity_robotics_demo_msgs__rosidl_generator_pyExport-noconfig.cmake
[6.014s] -- Installing: /home/lorenzo/Bureau/Unity_Playground/install/unity_robotics_demo_msgs/share/unity_robotics_demo_msgs/cmake/rosidl_cmake-extras.cmake
[6.014s] -- Installing: /home/lorenzo/Bureau/Unity_Playground/install/unity_robotics_demo_msgs/share/unity_robotics_demo_msgs/cmake/ament_cmake_export_dependencies-extras.cmake
[6.014s] -- Installing: /home/lorenzo/Bureau/Unity_Playground/install/unity_robotics_demo_msgs/share/unity_robotics_demo_msgs/cmake/ament_cmake_export_include_directories-extras.cmake
[6.014s] -- Installing: /home/lorenzo/Bureau/Unity_Playground/install/unity_robotics_demo_msgs/share/unity_robotics_demo_msgs/cmake/ament_cmake_export_libraries-extras.cmake
[6.015s] -- Installing: /home/lorenzo/Bureau/Unity_Playground/install/unity_robotics_demo_msgs/share/unity_robotics_demo_msgs/cmake/ament_cmake_export_targets-extras.cmake
[6.015s] -- Installing: /home/lorenzo/Bureau/Unity_Playground/install/unity_robotics_demo_msgs/share/unity_robotics_demo_msgs/cmake/rosidl_cmake_export_typesupport_targets-extras.cmake
[6.015s] -- Installing: /home/lorenzo/Bureau/Unity_Playground/install/unity_robotics_demo_msgs/share/unity_robotics_demo_msgs/cmake/rosidl_cmake_export_typesupport_libraries-extras.cmake
[6.015s] -- Installing: /home/lorenzo/Bureau/Unity_Playground/install/unity_robotics_demo_msgs/share/unity_robotics_demo_msgs/cmake/unity_robotics_demo_msgsConfig.cmake
[6.015s] -- Installing: /home/lorenzo/Bureau/Unity_Playground/install/unity_robotics_demo_msgs/share/unity_robotics_demo_msgs/cmake/unity_robotics_demo_msgsConfig-version.cmake
[6.015s] -- Installing: /home/lorenzo/Bureau/Unity_Playground/install/unity_robotics_demo_msgs/share/unity_robotics_demo_msgs/package.xml
[6.018s] Invoked command in '/home/lorenzo/Bureau/Unity_Playground/build/unity_robotics_demo_msgs' returned '0': CMAKE_PREFIX_PATH=/opt/ros/humble /usr/bin/cmake --install /home/lorenzo/Bureau/Unity_Playground/build/unity_robotics_demo_msgs
