[0.633s] Invoking command in '/home/lorenzo/Bureau/Unity_Playground/src/ros_tcp_endpoint': PYTHONPATH=/home/lorenzo/Bureau/Unity_Playground/build/ros_tcp_endpoint/prefix_override:/usr/lib/python3/dist-packages/colcon_core/task/python/colcon_distutils_commands:/home/lorenzo/Bureau/Unity_Playground/install/ros_tcp_endpoint/lib/python3.10/site-packages:${PYTHONPATH} /usr/bin/python3 -W ignore:setup.py install is deprecated -W ignore:easy_install command is deprecated setup.py egg_info --egg-base ../../build/ros_tcp_endpoint build --build-base /home/lorenzo/Bureau/Unity_Playground/build/ros_tcp_endpoint/build install --record /home/lorenzo/Bureau/Unity_Playground/build/ros_tcp_endpoint/install.log --install-scripts $base/lib/ros_tcp_endpoint --single-version-externally-managed install_data
[0.858s] /usr/lib/python3/dist-packages/setuptools/dist.py:723: UserWarning: Usage of dash-separated 'script-dir' will not be supported in future versions. Please use the underscore name 'script_dir' instead
[0.858s]   warnings.warn(
[0.866s] running egg_info
[0.867s] creating ../../build/ros_tcp_endpoint/ros_tcp_endpoint.egg-info
[0.867s] writing ../../build/ros_tcp_endpoint/ros_tcp_endpoint.egg-info/PKG-INFO
[0.867s] writing dependency_links to ../../build/ros_tcp_endpoint/ros_tcp_endpoint.egg-info/dependency_links.txt
[0.868s] writing entry points to ../../build/ros_tcp_endpoint/ros_tcp_endpoint.egg-info/entry_points.txt
[0.868s] writing requirements to ../../build/ros_tcp_endpoint/ros_tcp_endpoint.egg-info/requires.txt
[0.868s] writing top-level names to ../../build/ros_tcp_endpoint/ros_tcp_endpoint.egg-info/top_level.txt
[0.868s] writing manifest file '../../build/ros_tcp_endpoint/ros_tcp_endpoint.egg-info/SOURCES.txt'
[0.870s] reading manifest file '../../build/ros_tcp_endpoint/ros_tcp_endpoint.egg-info/SOURCES.txt'
[0.870s] adding license file 'LICENSE'
[0.871s] writing manifest file '../../build/ros_tcp_endpoint/ros_tcp_endpoint.egg-info/SOURCES.txt'
[0.871s] running build
[0.871s] running build_py
[0.871s] creating /home/lorenzo/Bureau/Unity_Playground/build/ros_tcp_endpoint/build
[0.871s] creating /home/lorenzo/Bureau/Unity_Playground/build/ros_tcp_endpoint/build/lib
[0.871s] creating /home/lorenzo/Bureau/Unity_Playground/build/ros_tcp_endpoint/build/lib/ros_tcp_endpoint
[0.872s] copying ros_tcp_endpoint/server.py -> /home/lorenzo/Bureau/Unity_Playground/build/ros_tcp_endpoint/build/lib/ros_tcp_endpoint
[0.872s] copying ros_tcp_endpoint/exceptions.py -> /home/lorenzo/Bureau/Unity_Playground/build/ros_tcp_endpoint/build/lib/ros_tcp_endpoint
[0.872s] copying ros_tcp_endpoint/client.py -> /home/lorenzo/Bureau/Unity_Playground/build/ros_tcp_endpoint/build/lib/ros_tcp_endpoint
[0.872s] copying ros_tcp_endpoint/subscriber.py -> /home/lorenzo/Bureau/Unity_Playground/build/ros_tcp_endpoint/build/lib/ros_tcp_endpoint
[0.872s] copying ros_tcp_endpoint/thread_pauser.py -> /home/lorenzo/Bureau/Unity_Playground/build/ros_tcp_endpoint/build/lib/ros_tcp_endpoint
[0.872s] copying ros_tcp_endpoint/service.py -> /home/lorenzo/Bureau/Unity_Playground/build/ros_tcp_endpoint/build/lib/ros_tcp_endpoint
[0.872s] copying ros_tcp_endpoint/__init__.py -> /home/lorenzo/Bureau/Unity_Playground/build/ros_tcp_endpoint/build/lib/ros_tcp_endpoint
[0.872s] copying ros_tcp_endpoint/communication.py -> /home/lorenzo/Bureau/Unity_Playground/build/ros_tcp_endpoint/build/lib/ros_tcp_endpoint
[0.872s] copying ros_tcp_endpoint/default_server_endpoint.py -> /home/lorenzo/Bureau/Unity_Playground/build/ros_tcp_endpoint/build/lib/ros_tcp_endpoint
[0.873s] copying ros_tcp_endpoint/tcp_sender.py -> /home/lorenzo/Bureau/Unity_Playground/build/ros_tcp_endpoint/build/lib/ros_tcp_endpoint
[0.873s] copying ros_tcp_endpoint/publisher.py -> /home/lorenzo/Bureau/Unity_Playground/build/ros_tcp_endpoint/build/lib/ros_tcp_endpoint
[0.873s] copying ros_tcp_endpoint/unity_service.py -> /home/lorenzo/Bureau/Unity_Playground/build/ros_tcp_endpoint/build/lib/ros_tcp_endpoint
[0.873s] running install
[0.873s] running install_lib
[0.874s] creating /home/lorenzo/Bureau/Unity_Playground/install/ros_tcp_endpoint/lib/python3.10/site-packages/ros_tcp_endpoint
[0.875s] copying /home/lorenzo/Bureau/Unity_Playground/build/ros_tcp_endpoint/build/lib/ros_tcp_endpoint/server.py -> /home/lorenzo/Bureau/Unity_Playground/install/ros_tcp_endpoint/lib/python3.10/site-packages/ros_tcp_endpoint
[0.875s] copying /home/lorenzo/Bureau/Unity_Playground/build/ros_tcp_endpoint/build/lib/ros_tcp_endpoint/exceptions.py -> /home/lorenzo/Bureau/Unity_Playground/install/ros_tcp_endpoint/lib/python3.10/site-packages/ros_tcp_endpoint
[0.875s] copying /home/lorenzo/Bureau/Unity_Playground/build/ros_tcp_endpoint/build/lib/ros_tcp_endpoint/client.py -> /home/lorenzo/Bureau/Unity_Playground/install/ros_tcp_endpoint/lib/python3.10/site-packages/ros_tcp_endpoint
[0.875s] copying /home/lorenzo/Bureau/Unity_Playground/build/ros_tcp_endpoint/build/lib/ros_tcp_endpoint/subscriber.py -> /home/lorenzo/Bureau/Unity_Playground/install/ros_tcp_endpoint/lib/python3.10/site-packages/ros_tcp_endpoint
[0.875s] copying /home/lorenzo/Bureau/Unity_Playground/build/ros_tcp_endpoint/build/lib/ros_tcp_endpoint/thread_pauser.py -> /home/lorenzo/Bureau/Unity_Playground/install/ros_tcp_endpoint/lib/python3.10/site-packages/ros_tcp_endpoint
[0.875s] copying /home/lorenzo/Bureau/Unity_Playground/build/ros_tcp_endpoint/build/lib/ros_tcp_endpoint/service.py -> /home/lorenzo/Bureau/Unity_Playground/install/ros_tcp_endpoint/lib/python3.10/site-packages/ros_tcp_endpoint
[0.875s] copying /home/lorenzo/Bureau/Unity_Playground/build/ros_tcp_endpoint/build/lib/ros_tcp_endpoint/__init__.py -> /home/lorenzo/Bureau/Unity_Playground/install/ros_tcp_endpoint/lib/python3.10/site-packages/ros_tcp_endpoint
[0.875s] copying /home/lorenzo/Bureau/Unity_Playground/build/ros_tcp_endpoint/build/lib/ros_tcp_endpoint/communication.py -> /home/lorenzo/Bureau/Unity_Playground/install/ros_tcp_endpoint/lib/python3.10/site-packages/ros_tcp_endpoint
[0.875s] copying /home/lorenzo/Bureau/Unity_Playground/build/ros_tcp_endpoint/build/lib/ros_tcp_endpoint/default_server_endpoint.py -> /home/lorenzo/Bureau/Unity_Playground/install/ros_tcp_endpoint/lib/python3.10/site-packages/ros_tcp_endpoint
[0.876s] copying /home/lorenzo/Bureau/Unity_Playground/build/ros_tcp_endpoint/build/lib/ros_tcp_endpoint/tcp_sender.py -> /home/lorenzo/Bureau/Unity_Playground/install/ros_tcp_endpoint/lib/python3.10/site-packages/ros_tcp_endpoint
[0.876s] copying /home/lorenzo/Bureau/Unity_Playground/build/ros_tcp_endpoint/build/lib/ros_tcp_endpoint/publisher.py -> /home/lorenzo/Bureau/Unity_Playground/install/ros_tcp_endpoint/lib/python3.10/site-packages/ros_tcp_endpoint
[0.876s] copying /home/lorenzo/Bureau/Unity_Playground/build/ros_tcp_endpoint/build/lib/ros_tcp_endpoint/unity_service.py -> /home/lorenzo/Bureau/Unity_Playground/install/ros_tcp_endpoint/lib/python3.10/site-packages/ros_tcp_endpoint
[0.876s] byte-compiling /home/lorenzo/Bureau/Unity_Playground/install/ros_tcp_endpoint/lib/python3.10/site-packages/ros_tcp_endpoint/server.py to server.cpython-310.pyc
[0.879s] byte-compiling /home/lorenzo/Bureau/Unity_Playground/install/ros_tcp_endpoint/lib/python3.10/site-packages/ros_tcp_endpoint/exceptions.py to exceptions.cpython-310.pyc
[0.879s] byte-compiling /home/lorenzo/Bureau/Unity_Playground/install/ros_tcp_endpoint/lib/python3.10/site-packages/ros_tcp_endpoint/client.py to client.cpython-310.pyc
[0.880s] byte-compiling /home/lorenzo/Bureau/Unity_Playground/install/ros_tcp_endpoint/lib/python3.10/site-packages/ros_tcp_endpoint/subscriber.py to subscriber.cpython-310.pyc
[0.880s] byte-compiling /home/lorenzo/Bureau/Unity_Playground/install/ros_tcp_endpoint/lib/python3.10/site-packages/ros_tcp_endpoint/thread_pauser.py to thread_pauser.cpython-310.pyc
[0.880s] byte-compiling /home/lorenzo/Bureau/Unity_Playground/install/ros_tcp_endpoint/lib/python3.10/site-packages/ros_tcp_endpoint/service.py to service.cpython-310.pyc
[0.881s] byte-compiling /home/lorenzo/Bureau/Unity_Playground/install/ros_tcp_endpoint/lib/python3.10/site-packages/ros_tcp_endpoint/__init__.py to __init__.cpython-310.pyc
[0.881s] byte-compiling /home/lorenzo/Bureau/Unity_Playground/install/ros_tcp_endpoint/lib/python3.10/site-packages/ros_tcp_endpoint/communication.py to communication.cpython-310.pyc
[0.881s] byte-compiling /home/lorenzo/Bureau/Unity_Playground/install/ros_tcp_endpoint/lib/python3.10/site-packages/ros_tcp_endpoint/default_server_endpoint.py to default_server_endpoint.cpython-310.pyc
[0.881s] byte-compiling /home/lorenzo/Bureau/Unity_Playground/install/ros_tcp_endpoint/lib/python3.10/site-packages/ros_tcp_endpoint/tcp_sender.py to tcp_sender.cpython-310.pyc
[0.883s] byte-compiling /home/lorenzo/Bureau/Unity_Playground/install/ros_tcp_endpoint/lib/python3.10/site-packages/ros_tcp_endpoint/publisher.py to publisher.cpython-310.pyc
[0.883s] byte-compiling /home/lorenzo/Bureau/Unity_Playground/install/ros_tcp_endpoint/lib/python3.10/site-packages/ros_tcp_endpoint/unity_service.py to unity_service.cpython-310.pyc
[0.883s] running install_data
[0.884s] creating /home/lorenzo/Bureau/Unity_Playground/install/ros_tcp_endpoint/share/ament_index
[0.884s] creating /home/lorenzo/Bureau/Unity_Playground/install/ros_tcp_endpoint/share/ament_index/resource_index
[0.884s] creating /home/lorenzo/Bureau/Unity_Playground/install/ros_tcp_endpoint/share/ament_index/resource_index/packages
[0.884s] copying resource/ros_tcp_endpoint -> /home/lorenzo/Bureau/Unity_Playground/install/ros_tcp_endpoint/share/ament_index/resource_index/packages
[0.884s] copying package.xml -> /home/lorenzo/Bureau/Unity_Playground/install/ros_tcp_endpoint/share/ros_tcp_endpoint
[0.884s] creating /home/lorenzo/Bureau/Unity_Playground/install/ros_tcp_endpoint/share/ros_tcp_endpoint/launch
[0.884s] copying launch/endpoint.py -> /home/lorenzo/Bureau/Unity_Playground/install/ros_tcp_endpoint/share/ros_tcp_endpoint/launch
[0.884s] running install_egg_info
[0.886s] Copying ../../build/ros_tcp_endpoint/ros_tcp_endpoint.egg-info to /home/lorenzo/Bureau/Unity_Playground/install/ros_tcp_endpoint/lib/python3.10/site-packages/ros_tcp_endpoint-0.0.1-py3.10.egg-info
[0.887s] running install_scripts
[0.908s] Installing default_server_endpoint script to /home/lorenzo/Bureau/Unity_Playground/install/ros_tcp_endpoint/lib/ros_tcp_endpoint
[0.909s] writing list of installed files to '/home/lorenzo/Bureau/Unity_Playground/build/ros_tcp_endpoint/install.log'
[0.942s] Invoked command in '/home/lorenzo/Bureau/Unity_Playground/src/ros_tcp_endpoint' returned '0': PYTHONPATH=/home/lorenzo/Bureau/Unity_Playground/build/ros_tcp_endpoint/prefix_override:/usr/lib/python3/dist-packages/colcon_core/task/python/colcon_distutils_commands:/home/lorenzo/Bureau/Unity_Playground/install/ros_tcp_endpoint/lib/python3.10/site-packages:${PYTHONPATH} /usr/bin/python3 -W ignore:setup.py install is deprecated -W ignore:easy_install command is deprecated setup.py egg_info --egg-base ../../build/ros_tcp_endpoint build --build-base /home/lorenzo/Bureau/Unity_Playground/build/ros_tcp_endpoint/build install --record /home/lorenzo/Bureau/Unity_Playground/build/ros_tcp_endpoint/install.log --install-scripts $base/lib/ros_tcp_endpoint --single-version-externally-managed install_data
