[1.064s] Invoking command in '/home/lorenzo/Bureau/Unity_Playground/src/ros_tcp_endpoint': PYTHONPATH=/home/lorenzo/Bureau/Unity_Playground/build/ros_tcp_endpoint/prefix_override:/usr/lib/python3/dist-packages/colcon_core/task/python/colcon_distutils_commands:/home/lorenzo/Bureau/Unity_Playground/install/ros_tcp_endpoint/lib/python3.10/site-packages:${PYTHONPATH} /usr/bin/python3 -W ignore:setup.py install is deprecated -W ignore:easy_install command is deprecated setup.py egg_info --egg-base ../../build/ros_tcp_endpoint build --build-base /home/lorenzo/Bureau/Unity_Playground/build/ros_tcp_endpoint/build install --record /home/lorenzo/Bureau/Unity_Playground/build/ros_tcp_endpoint/install.log --install-scripts $base/lib/ros_tcp_endpoint --single-version-externally-managed install_data
[1.344s] /usr/lib/python3/dist-packages/setuptools/dist.py:723: UserWarning: Usage of dash-separated 'script-dir' will not be supported in future versions. Please use the underscore name 'script_dir' instead
[1.344s]   warnings.warn(
[1.355s] running egg_info
[1.356s] writing ../../build/ros_tcp_endpoint/ros_tcp_endpoint.egg-info/PKG-INFO
[1.357s] writing dependency_links to ../../build/ros_tcp_endpoint/ros_tcp_endpoint.egg-info/dependency_links.txt
[1.357s] writing entry points to ../../build/ros_tcp_endpoint/ros_tcp_endpoint.egg-info/entry_points.txt
[1.357s] writing requirements to ../../build/ros_tcp_endpoint/ros_tcp_endpoint.egg-info/requires.txt
[1.357s] writing top-level names to ../../build/ros_tcp_endpoint/ros_tcp_endpoint.egg-info/top_level.txt
[1.359s] reading manifest file '../../build/ros_tcp_endpoint/ros_tcp_endpoint.egg-info/SOURCES.txt'
[1.360s] adding license file 'LICENSE'
[1.361s] writing manifest file '../../build/ros_tcp_endpoint/ros_tcp_endpoint.egg-info/SOURCES.txt'
[1.361s] running build
[1.361s] running build_py
[1.362s] running install
[1.363s] running install_lib
[1.365s] running install_data
[1.365s] running install_egg_info
[1.368s] removing '/home/lorenzo/Bureau/Unity_Playground/install/ros_tcp_endpoint/lib/python3.10/site-packages/ros_tcp_endpoint-0.0.1-py3.10.egg-info' (and everything under it)
[1.368s] Copying ../../build/ros_tcp_endpoint/ros_tcp_endpoint.egg-info to /home/lorenzo/Bureau/Unity_Playground/install/ros_tcp_endpoint/lib/python3.10/site-packages/ros_tcp_endpoint-0.0.1-py3.10.egg-info
[1.370s] running install_scripts
[1.397s] Installing default_server_endpoint script to /home/lorenzo/Bureau/Unity_Playground/install/ros_tcp_endpoint/lib/ros_tcp_endpoint
[1.398s] writing list of installed files to '/home/lorenzo/Bureau/Unity_Playground/build/ros_tcp_endpoint/install.log'
[1.440s] Invoked command in '/home/lorenzo/Bureau/Unity_Playground/src/ros_tcp_endpoint' returned '0': PYTHONPATH=/home/lorenzo/Bureau/Unity_Playground/build/ros_tcp_endpoint/prefix_override:/usr/lib/python3/dist-packages/colcon_core/task/python/colcon_distutils_commands:/home/lorenzo/Bureau/Unity_Playground/install/ros_tcp_endpoint/lib/python3.10/site-packages:${PYTHONPATH} /usr/bin/python3 -W ignore:setup.py install is deprecated -W ignore:easy_install command is deprecated setup.py egg_info --egg-base ../../build/ros_tcp_endpoint build --build-base /home/lorenzo/Bureau/Unity_Playground/build/ros_tcp_endpoint/build install --record /home/lorenzo/Bureau/Unity_Playground/build/ros_tcp_endpoint/install.log --install-scripts $base/lib/ros_tcp_endpoint --single-version-externally-managed install_data
