[0.107s] DEBUG:colcon:Command line arguments: ['/usr/bin/colcon', 'build']
[0.107s] DEBUG:colcon:Parsed command line arguments: Namespace(log_base=None, log_level=None, verb_name='build', build_base='build', install_base='install', merge_install=False, symlink_install=False, test_result_base=None, continue_on_error=False, executor='parallel', parallel_workers=16, event_handlers=None, ignore_user_meta=False, metas=['./colcon.meta'], base_paths=['.'], packages_ignore=None, packages_ignore_regex=None, paths=None, packages_up_to=None, packages_up_to_regex=None, packages_above=None, packages_above_and_dependencies=None, packages_above_depth=None, packages_select_by_dep=None, packages_skip_by_dep=None, packages_skip_up_to=None, packages_select_build_failed=False, packages_skip_build_finished=False, packages_select_test_failures=False, packages_skip_test_passed=False, packages_select=None, packages_skip=None, packages_select_regex=None, packages_skip_regex=None, packages_start=None, packages_end=None, allow_overriding=[], cmake_args=None, cmake_target=None, cmake_target_skip_unavailable=False, cmake_clean_cache=False, cmake_clean_first=False, cmake_force_configure=False, ament_cmake_args=None, catkin_cmake_args=None, catkin_skip_building_tests=False, verb_parser=<colcon_defaults.argument_parser.defaults.DefaultArgumentsDecorator object at 0x753f6092fac0>, verb_extension=<colcon_core.verb.build.BuildVerb object at 0x753f60a69570>, main=<bound method BuildVerb.main of <colcon_core.verb.build.BuildVerb object at 0x753f60a69570>>)
[0.284s] Level 1:colcon.colcon_core.package_discovery:discover_packages(colcon_meta) check parameters
[0.284s] Level 1:colcon.colcon_core.package_discovery:discover_packages(recursive) check parameters
[0.284s] Level 1:colcon.colcon_core.package_discovery:discover_packages(ignore) check parameters
[0.284s] Level 1:colcon.colcon_core.package_discovery:discover_packages(path) check parameters
[0.284s] Level 1:colcon.colcon_core.package_discovery:discover_packages(colcon_meta) discover
[0.284s] Level 1:colcon.colcon_core.package_discovery:discover_packages(recursive) discover
[0.284s] INFO:colcon.colcon_core.package_discovery:Crawling recursively for packages in '/home/lorenzo/Bureau/Unity_Playground'
[0.284s] Level 1:colcon.colcon_core.package_identification:_identify(.) by extensions ['ignore', 'ignore_ament_install']
[0.284s] Level 1:colcon.colcon_core.package_identification:_identify(.) by extension 'ignore'
[0.284s] Level 1:colcon.colcon_core.package_identification:_identify(.) by extension 'ignore_ament_install'
[0.284s] Level 1:colcon.colcon_core.package_identification:_identify(.) by extensions ['colcon_pkg']
[0.284s] Level 1:colcon.colcon_core.package_identification:_identify(.) by extension 'colcon_pkg'
[0.284s] Level 1:colcon.colcon_core.package_identification:_identify(.) by extensions ['colcon_meta']
[0.284s] Level 1:colcon.colcon_core.package_identification:_identify(.) by extension 'colcon_meta'
[0.285s] Level 1:colcon.colcon_core.package_identification:_identify(.) by extensions ['ros']
[0.285s] Level 1:colcon.colcon_core.package_identification:_identify(.) by extension 'ros'
[0.296s] Level 1:colcon.colcon_core.package_identification:_identify(.) by extensions ['cmake', 'python']
[0.297s] Level 1:colcon.colcon_core.package_identification:_identify(.) by extension 'cmake'
[0.297s] Level 1:colcon.colcon_core.package_identification:_identify(.) by extension 'python'
[0.297s] Level 1:colcon.colcon_core.package_identification:_identify(.) by extensions ['python_setup_py']
[0.297s] Level 1:colcon.colcon_core.package_identification:_identify(.) by extension 'python_setup_py'
[0.297s] Level 1:colcon.colcon_core.package_identification:_identify(build) by extensions ['ignore', 'ignore_ament_install']
[0.297s] Level 1:colcon.colcon_core.package_identification:_identify(build) by extension 'ignore'
[0.297s] Level 1:colcon.colcon_core.package_identification:_identify(build) ignored
[0.297s] Level 1:colcon.colcon_core.package_identification:_identify(install) by extensions ['ignore', 'ignore_ament_install']
[0.297s] Level 1:colcon.colcon_core.package_identification:_identify(install) by extension 'ignore'
[0.297s] Level 1:colcon.colcon_core.package_identification:_identify(install) ignored
[0.297s] Level 1:colcon.colcon_core.package_identification:_identify(log) by extensions ['ignore', 'ignore_ament_install']
[0.297s] Level 1:colcon.colcon_core.package_identification:_identify(log) by extension 'ignore'
[0.297s] Level 1:colcon.colcon_core.package_identification:_identify(log) ignored
[0.297s] Level 1:colcon.colcon_core.package_identification:_identify(src) by extensions ['ignore', 'ignore_ament_install']
[0.298s] Level 1:colcon.colcon_core.package_identification:_identify(src) by extension 'ignore'
[0.298s] Level 1:colcon.colcon_core.package_identification:_identify(src) by extension 'ignore_ament_install'
[0.298s] Level 1:colcon.colcon_core.package_identification:_identify(src) by extensions ['colcon_pkg']
[0.298s] Level 1:colcon.colcon_core.package_identification:_identify(src) by extension 'colcon_pkg'
[0.298s] Level 1:colcon.colcon_core.package_identification:_identify(src) by extensions ['colcon_meta']
[0.298s] Level 1:colcon.colcon_core.package_identification:_identify(src) by extension 'colcon_meta'
[0.298s] Level 1:colcon.colcon_core.package_identification:_identify(src) by extensions ['ros']
[0.298s] Level 1:colcon.colcon_core.package_identification:_identify(src) by extension 'ros'
[0.298s] Level 1:colcon.colcon_core.package_identification:_identify(src) by extensions ['cmake', 'python']
[0.298s] Level 1:colcon.colcon_core.package_identification:_identify(src) by extension 'cmake'
[0.298s] Level 1:colcon.colcon_core.package_identification:_identify(src) by extension 'python'
[0.298s] Level 1:colcon.colcon_core.package_identification:_identify(src) by extensions ['python_setup_py']
[0.298s] Level 1:colcon.colcon_core.package_identification:_identify(src) by extension 'python_setup_py'
[0.298s] Level 1:colcon.colcon_core.package_identification:_identify(src/ros_tcp_endpoint) by extensions ['ignore', 'ignore_ament_install']
[0.298s] Level 1:colcon.colcon_core.package_identification:_identify(src/ros_tcp_endpoint) by extension 'ignore'
[0.298s] Level 1:colcon.colcon_core.package_identification:_identify(src/ros_tcp_endpoint) by extension 'ignore_ament_install'
[0.298s] Level 1:colcon.colcon_core.package_identification:_identify(src/ros_tcp_endpoint) by extensions ['colcon_pkg']
[0.298s] Level 1:colcon.colcon_core.package_identification:_identify(src/ros_tcp_endpoint) by extension 'colcon_pkg'
[0.298s] Level 1:colcon.colcon_core.package_identification:_identify(src/ros_tcp_endpoint) by extensions ['colcon_meta']
[0.298s] Level 1:colcon.colcon_core.package_identification:_identify(src/ros_tcp_endpoint) by extension 'colcon_meta'
[0.298s] Level 1:colcon.colcon_core.package_identification:_identify(src/ros_tcp_endpoint) by extensions ['ros']
[0.299s] Level 1:colcon.colcon_core.package_identification:_identify(src/ros_tcp_endpoint) by extension 'ros'
[0.301s] DEBUG:colcon.colcon_core.package_identification:Package 'src/ros_tcp_endpoint' with type 'ros.ament_python' and name 'ros_tcp_endpoint'
[0.301s] Level 1:colcon.colcon_core.package_identification:_identify(src/unity_robotics_demo) by extensions ['ignore', 'ignore_ament_install']
[0.301s] Level 1:colcon.colcon_core.package_identification:_identify(src/unity_robotics_demo) by extension 'ignore'
[0.301s] Level 1:colcon.colcon_core.package_identification:_identify(src/unity_robotics_demo) by extension 'ignore_ament_install'
[0.301s] Level 1:colcon.colcon_core.package_identification:_identify(src/unity_robotics_demo) by extensions ['colcon_pkg']
[0.301s] Level 1:colcon.colcon_core.package_identification:_identify(src/unity_robotics_demo) by extension 'colcon_pkg'
[0.302s] Level 1:colcon.colcon_core.package_identification:_identify(src/unity_robotics_demo) by extensions ['colcon_meta']
[0.302s] Level 1:colcon.colcon_core.package_identification:_identify(src/unity_robotics_demo) by extension 'colcon_meta'
[0.302s] Level 1:colcon.colcon_core.package_identification:_identify(src/unity_robotics_demo) by extensions ['ros']
[0.302s] Level 1:colcon.colcon_core.package_identification:_identify(src/unity_robotics_demo) by extension 'ros'
[0.302s] DEBUG:colcon.colcon_core.package_identification:Package 'src/unity_robotics_demo' with type 'ros.ament_python' and name 'unity_robotics_demo'
[0.302s] Level 1:colcon.colcon_core.package_identification:_identify(src/unity_robotics_demo_msgs) by extensions ['ignore', 'ignore_ament_install']
[0.302s] Level 1:colcon.colcon_core.package_identification:_identify(src/unity_robotics_demo_msgs) by extension 'ignore'
[0.303s] Level 1:colcon.colcon_core.package_identification:_identify(src/unity_robotics_demo_msgs) by extension 'ignore_ament_install'
[0.303s] Level 1:colcon.colcon_core.package_identification:_identify(src/unity_robotics_demo_msgs) by extensions ['colcon_pkg']
[0.303s] Level 1:colcon.colcon_core.package_identification:_identify(src/unity_robotics_demo_msgs) by extension 'colcon_pkg'
[0.303s] Level 1:colcon.colcon_core.package_identification:_identify(src/unity_robotics_demo_msgs) by extensions ['colcon_meta']
[0.303s] Level 1:colcon.colcon_core.package_identification:_identify(src/unity_robotics_demo_msgs) by extension 'colcon_meta'
[0.303s] Level 1:colcon.colcon_core.package_identification:_identify(src/unity_robotics_demo_msgs) by extensions ['ros']
[0.303s] Level 1:colcon.colcon_core.package_identification:_identify(src/unity_robotics_demo_msgs) by extension 'ros'
[0.303s] DEBUG:colcon.colcon_core.package_identification:Package 'src/unity_robotics_demo_msgs' with type 'ros.ament_cmake' and name 'unity_robotics_demo_msgs'
[0.303s] Level 1:colcon.colcon_core.package_discovery:discover_packages(recursive) using defaults
[0.303s] Level 1:colcon.colcon_core.package_discovery:discover_packages(ignore) discover
[0.304s] Level 1:colcon.colcon_core.package_discovery:discover_packages(ignore) using defaults
[0.304s] Level 1:colcon.colcon_core.package_discovery:discover_packages(path) discover
[0.304s] Level 1:colcon.colcon_core.package_discovery:discover_packages(path) using defaults
[0.337s] Level 1:colcon.colcon_core.package_discovery:discover_packages(prefix_path) check parameters
[0.337s] Level 1:colcon.colcon_core.package_discovery:discover_packages(prefix_path) discover
[0.339s] DEBUG:colcon.colcon_installed_package_information.package_discovery:Found 3 installed packages in /home/lorenzo/Bureau/Unity_Playground/install
[0.341s] DEBUG:colcon.colcon_installed_package_information.package_discovery:Found 255 installed packages in /opt/ros/humble
[0.342s] Level 1:colcon.colcon_core.package_discovery:discover_packages(prefix_path) using defaults
[0.378s] Level 5:colcon.colcon_core.verb:set package 'ros_tcp_endpoint' build argument 'cmake_args' from command line to 'None'
[0.379s] Level 5:colcon.colcon_core.verb:set package 'ros_tcp_endpoint' build argument 'cmake_target' from command line to 'None'
[0.379s] Level 5:colcon.colcon_core.verb:set package 'ros_tcp_endpoint' build argument 'cmake_target_skip_unavailable' from command line to 'False'
[0.379s] Level 5:colcon.colcon_core.verb:set package 'ros_tcp_endpoint' build argument 'cmake_clean_cache' from command line to 'False'
[0.379s] Level 5:colcon.colcon_core.verb:set package 'ros_tcp_endpoint' build argument 'cmake_clean_first' from command line to 'False'
[0.379s] Level 5:colcon.colcon_core.verb:set package 'ros_tcp_endpoint' build argument 'cmake_force_configure' from command line to 'False'
[0.379s] Level 5:colcon.colcon_core.verb:set package 'ros_tcp_endpoint' build argument 'ament_cmake_args' from command line to 'None'
[0.379s] Level 5:colcon.colcon_core.verb:set package 'ros_tcp_endpoint' build argument 'catkin_cmake_args' from command line to 'None'
[0.379s] Level 5:colcon.colcon_core.verb:set package 'ros_tcp_endpoint' build argument 'catkin_skip_building_tests' from command line to 'False'
[0.379s] DEBUG:colcon.colcon_core.verb:Building package 'ros_tcp_endpoint' with the following arguments: {'ament_cmake_args': None, 'build_base': '/home/lorenzo/Bureau/Unity_Playground/build/ros_tcp_endpoint', 'catkin_cmake_args': None, 'catkin_skip_building_tests': False, 'cmake_args': None, 'cmake_clean_cache': False, 'cmake_clean_first': False, 'cmake_force_configure': False, 'cmake_target': None, 'cmake_target_skip_unavailable': False, 'install_base': '/home/lorenzo/Bureau/Unity_Playground/install/ros_tcp_endpoint', 'merge_install': False, 'path': '/home/lorenzo/Bureau/Unity_Playground/src/ros_tcp_endpoint', 'symlink_install': False, 'test_result_base': None}
[0.379s] Level 5:colcon.colcon_core.verb:set package 'unity_robotics_demo' build argument 'cmake_args' from command line to 'None'
[0.379s] Level 5:colcon.colcon_core.verb:set package 'unity_robotics_demo' build argument 'cmake_target' from command line to 'None'
[0.379s] Level 5:colcon.colcon_core.verb:set package 'unity_robotics_demo' build argument 'cmake_target_skip_unavailable' from command line to 'False'
[0.379s] Level 5:colcon.colcon_core.verb:set package 'unity_robotics_demo' build argument 'cmake_clean_cache' from command line to 'False'
[0.379s] Level 5:colcon.colcon_core.verb:set package 'unity_robotics_demo' build argument 'cmake_clean_first' from command line to 'False'
[0.379s] Level 5:colcon.colcon_core.verb:set package 'unity_robotics_demo' build argument 'cmake_force_configure' from command line to 'False'
[0.379s] Level 5:colcon.colcon_core.verb:set package 'unity_robotics_demo' build argument 'ament_cmake_args' from command line to 'None'
[0.379s] Level 5:colcon.colcon_core.verb:set package 'unity_robotics_demo' build argument 'catkin_cmake_args' from command line to 'None'
[0.379s] Level 5:colcon.colcon_core.verb:set package 'unity_robotics_demo' build argument 'catkin_skip_building_tests' from command line to 'False'
[0.379s] DEBUG:colcon.colcon_core.verb:Building package 'unity_robotics_demo' with the following arguments: {'ament_cmake_args': None, 'build_base': '/home/lorenzo/Bureau/Unity_Playground/build/unity_robotics_demo', 'catkin_cmake_args': None, 'catkin_skip_building_tests': False, 'cmake_args': None, 'cmake_clean_cache': False, 'cmake_clean_first': False, 'cmake_force_configure': False, 'cmake_target': None, 'cmake_target_skip_unavailable': False, 'install_base': '/home/lorenzo/Bureau/Unity_Playground/install/unity_robotics_demo', 'merge_install': False, 'path': '/home/lorenzo/Bureau/Unity_Playground/src/unity_robotics_demo', 'symlink_install': False, 'test_result_base': None}
[0.380s] Level 5:colcon.colcon_core.verb:set package 'unity_robotics_demo_msgs' build argument 'cmake_args' from command line to 'None'
[0.380s] Level 5:colcon.colcon_core.verb:set package 'unity_robotics_demo_msgs' build argument 'cmake_target' from command line to 'None'
[0.380s] Level 5:colcon.colcon_core.verb:set package 'unity_robotics_demo_msgs' build argument 'cmake_target_skip_unavailable' from command line to 'False'
[0.380s] Level 5:colcon.colcon_core.verb:set package 'unity_robotics_demo_msgs' build argument 'cmake_clean_cache' from command line to 'False'
[0.380s] Level 5:colcon.colcon_core.verb:set package 'unity_robotics_demo_msgs' build argument 'cmake_clean_first' from command line to 'False'
[0.380s] Level 5:colcon.colcon_core.verb:set package 'unity_robotics_demo_msgs' build argument 'cmake_force_configure' from command line to 'False'
[0.380s] Level 5:colcon.colcon_core.verb:set package 'unity_robotics_demo_msgs' build argument 'ament_cmake_args' from command line to 'None'
[0.380s] Level 5:colcon.colcon_core.verb:set package 'unity_robotics_demo_msgs' build argument 'catkin_cmake_args' from command line to 'None'
[0.380s] Level 5:colcon.colcon_core.verb:set package 'unity_robotics_demo_msgs' build argument 'catkin_skip_building_tests' from command line to 'False'
[0.380s] DEBUG:colcon.colcon_core.verb:Building package 'unity_robotics_demo_msgs' with the following arguments: {'ament_cmake_args': None, 'build_base': '/home/lorenzo/Bureau/Unity_Playground/build/unity_robotics_demo_msgs', 'catkin_cmake_args': None, 'catkin_skip_building_tests': False, 'cmake_args': None, 'cmake_clean_cache': False, 'cmake_clean_first': False, 'cmake_force_configure': False, 'cmake_target': None, 'cmake_target_skip_unavailable': False, 'install_base': '/home/lorenzo/Bureau/Unity_Playground/install/unity_robotics_demo_msgs', 'merge_install': False, 'path': '/home/lorenzo/Bureau/Unity_Playground/src/unity_robotics_demo_msgs', 'symlink_install': False, 'test_result_base': None}
[0.380s] INFO:colcon.colcon_core.executor:Executing jobs using 'parallel' executor
[0.381s] DEBUG:colcon.colcon_parallel_executor.executor.parallel:run_until_complete
[0.382s] INFO:colcon.colcon_ros.task.ament_python.build:Building ROS package in '/home/lorenzo/Bureau/Unity_Playground/src/ros_tcp_endpoint' with build type 'ament_python'
[0.382s] Level 1:colcon.colcon_core.shell:create_environment_hook('ros_tcp_endpoint', 'ament_prefix_path')
[0.384s] INFO:colcon.colcon_core.plugin_system:Skipping extension 'colcon_core.shell.bat': Not used on non-Windows systems
[0.384s] INFO:colcon.colcon_core.shell:Creating environment hook '/home/lorenzo/Bureau/Unity_Playground/install/ros_tcp_endpoint/share/ros_tcp_endpoint/hook/ament_prefix_path.ps1'
[0.385s] INFO:colcon.colcon_core.shell:Creating environment descriptor '/home/lorenzo/Bureau/Unity_Playground/install/ros_tcp_endpoint/share/ros_tcp_endpoint/hook/ament_prefix_path.dsv'
[0.386s] INFO:colcon.colcon_core.shell:Creating environment hook '/home/lorenzo/Bureau/Unity_Playground/install/ros_tcp_endpoint/share/ros_tcp_endpoint/hook/ament_prefix_path.sh'
[0.387s] INFO:colcon.colcon_core.shell:Skip shell extension 'powershell' for command environment: Not usable outside of PowerShell
[0.387s] DEBUG:colcon.colcon_core.shell:Skip shell extension 'dsv' for command environment
[0.391s] INFO:colcon.colcon_ros.task.ament_python.build:Building ROS package in '/home/lorenzo/Bureau/Unity_Playground/src/unity_robotics_demo' with build type 'ament_python'
[0.391s] Level 1:colcon.colcon_core.shell:create_environment_hook('unity_robotics_demo', 'ament_prefix_path')
[0.391s] INFO:colcon.colcon_core.shell:Creating environment hook '/home/lorenzo/Bureau/Unity_Playground/install/unity_robotics_demo/share/unity_robotics_demo/hook/ament_prefix_path.ps1'
[0.392s] INFO:colcon.colcon_core.shell:Creating environment descriptor '/home/lorenzo/Bureau/Unity_Playground/install/unity_robotics_demo/share/unity_robotics_demo/hook/ament_prefix_path.dsv'
[0.392s] INFO:colcon.colcon_core.shell:Creating environment hook '/home/lorenzo/Bureau/Unity_Playground/install/unity_robotics_demo/share/unity_robotics_demo/hook/ament_prefix_path.sh'
[0.393s] INFO:colcon.colcon_core.shell:Skip shell extension 'powershell' for command environment: Not usable outside of PowerShell
[0.393s] DEBUG:colcon.colcon_core.shell:Skip shell extension 'dsv' for command environment
[0.397s] INFO:colcon.colcon_ros.task.ament_cmake.build:Building ROS package in '/home/lorenzo/Bureau/Unity_Playground/src/unity_robotics_demo_msgs' with build type 'ament_cmake'
[0.397s] INFO:colcon.colcon_cmake.task.cmake.build:Building CMake package in '/home/lorenzo/Bureau/Unity_Playground/src/unity_robotics_demo_msgs'
[0.397s] INFO:colcon.colcon_core.shell:Skip shell extension 'powershell' for command environment: Not usable outside of PowerShell
[0.397s] DEBUG:colcon.colcon_core.shell:Skip shell extension 'dsv' for command environment
[0.671s] INFO:colcon.colcon_core.task.python.build:Building Python package in '/home/lorenzo/Bureau/Unity_Playground/src/ros_tcp_endpoint'
[0.672s] INFO:colcon.colcon_core.shell:Skip shell extension 'powershell' for command environment: Not usable outside of PowerShell
[0.672s] DEBUG:colcon.colcon_core.shell:Skip shell extension 'dsv' for command environment
[0.946s] INFO:colcon.colcon_core.task.python.build:Building Python package in '/home/lorenzo/Bureau/Unity_Playground/src/unity_robotics_demo'
[0.946s] INFO:colcon.colcon_core.shell:Skip shell extension 'powershell' for command environment: Not usable outside of PowerShell
[0.946s] DEBUG:colcon.colcon_core.shell:Skip shell extension 'dsv' for command environment
[0.965s] DEBUG:colcon.colcon_core.event_handler.log_command:Invoking command in '/home/lorenzo/Bureau/Unity_Playground/build/unity_robotics_demo_msgs': CMAKE_PREFIX_PATH=${CMAKE_PREFIX_PATH}:/home/lorenzo/Bureau/Unity_Playground/install/unity_robotics_demo:/home/lorenzo/Bureau/Unity_Playground/install/ros_tcp_endpoint:/opt/ros/humble /usr/bin/cmake --build /home/lorenzo/Bureau/Unity_Playground/build/unity_robotics_demo_msgs -- -j16 -l16
[1.369s] DEBUG:colcon.colcon_core.event_handler.log_command:Invoked command in '/home/lorenzo/Bureau/Unity_Playground/build/unity_robotics_demo_msgs' returned '0': CMAKE_PREFIX_PATH=${CMAKE_PREFIX_PATH}:/home/lorenzo/Bureau/Unity_Playground/install/unity_robotics_demo:/home/lorenzo/Bureau/Unity_Playground/install/ros_tcp_endpoint:/opt/ros/humble /usr/bin/cmake --build /home/lorenzo/Bureau/Unity_Playground/build/unity_robotics_demo_msgs -- -j16 -l16
[1.377s] DEBUG:colcon.colcon_core.event_handler.log_command:Invoking command in '/home/lorenzo/Bureau/Unity_Playground/build/unity_robotics_demo_msgs': CMAKE_PREFIX_PATH=${CMAKE_PREFIX_PATH}:/home/lorenzo/Bureau/Unity_Playground/install/unity_robotics_demo:/home/lorenzo/Bureau/Unity_Playground/install/ros_tcp_endpoint:/opt/ros/humble /usr/bin/cmake --install /home/lorenzo/Bureau/Unity_Playground/build/unity_robotics_demo_msgs
[1.394s] DEBUG:colcon.colcon_core.event_handler.log_command:Invoking command in '/home/lorenzo/Bureau/Unity_Playground/src/ros_tcp_endpoint': PYTHONPATH=/home/lorenzo/Bureau/Unity_Playground/build/ros_tcp_endpoint/prefix_override:/usr/lib/python3/dist-packages/colcon_core/task/python/colcon_distutils_commands:/home/lorenzo/Bureau/Unity_Playground/install/ros_tcp_endpoint/lib/python3.10/site-packages:${PYTHONPATH} /usr/bin/python3 -W ignore:setup.py install is deprecated -W ignore:easy_install command is deprecated setup.py egg_info --egg-base ../../build/ros_tcp_endpoint build --build-base /home/lorenzo/Bureau/Unity_Playground/build/ros_tcp_endpoint/build install --record /home/lorenzo/Bureau/Unity_Playground/build/ros_tcp_endpoint/install.log --install-scripts $base/lib/ros_tcp_endpoint --single-version-externally-managed install_data
[1.398s] DEBUG:colcon.colcon_core.event_handler.log_command:Invoking command in '/home/lorenzo/Bureau/Unity_Playground/src/unity_robotics_demo': PYTHONPATH=/home/lorenzo/Bureau/Unity_Playground/build/unity_robotics_demo/prefix_override:/usr/lib/python3/dist-packages/colcon_core/task/python/colcon_distutils_commands:/home/lorenzo/Bureau/Unity_Playground/install/unity_robotics_demo/lib/python3.10/site-packages:${PYTHONPATH} /usr/bin/python3 -W ignore:setup.py install is deprecated -W ignore:easy_install command is deprecated setup.py egg_info --egg-base ../../build/unity_robotics_demo build --build-base /home/lorenzo/Bureau/Unity_Playground/build/unity_robotics_demo/build install --record /home/lorenzo/Bureau/Unity_Playground/build/unity_robotics_demo/install.log --install-scripts $base/lib/unity_robotics_demo --single-version-externally-managed install_data
[1.469s] Level 1:colcon.colcon_core.environment:create_environment_scripts_only(unity_robotics_demo_msgs)
[1.470s] DEBUG:colcon.colcon_core.event_handler.log_command:Invoked command in '/home/lorenzo/Bureau/Unity_Playground/build/unity_robotics_demo_msgs' returned '0': CMAKE_PREFIX_PATH=${CMAKE_PREFIX_PATH}:/home/lorenzo/Bureau/Unity_Playground/install/unity_robotics_demo:/home/lorenzo/Bureau/Unity_Playground/install/ros_tcp_endpoint:/opt/ros/humble /usr/bin/cmake --install /home/lorenzo/Bureau/Unity_Playground/build/unity_robotics_demo_msgs
[1.473s] Level 1:colcon.colcon_core.environment:checking '/home/lorenzo/Bureau/Unity_Playground/install/unity_robotics_demo_msgs' for CMake module files
[1.474s] Level 1:colcon.colcon_core.environment:checking '/home/lorenzo/Bureau/Unity_Playground/install/unity_robotics_demo_msgs' for CMake config files
[1.474s] Level 1:colcon.colcon_core.shell:create_environment_hook('unity_robotics_demo_msgs', 'cmake_prefix_path')
[1.474s] INFO:colcon.colcon_core.shell:Creating environment hook '/home/lorenzo/Bureau/Unity_Playground/install/unity_robotics_demo_msgs/share/unity_robotics_demo_msgs/hook/cmake_prefix_path.ps1'
[1.475s] INFO:colcon.colcon_core.shell:Creating environment descriptor '/home/lorenzo/Bureau/Unity_Playground/install/unity_robotics_demo_msgs/share/unity_robotics_demo_msgs/hook/cmake_prefix_path.dsv'
[1.476s] INFO:colcon.colcon_core.shell:Creating environment hook '/home/lorenzo/Bureau/Unity_Playground/install/unity_robotics_demo_msgs/share/unity_robotics_demo_msgs/hook/cmake_prefix_path.sh'
[1.477s] Level 1:colcon.colcon_core.environment:checking '/home/lorenzo/Bureau/Unity_Playground/install/unity_robotics_demo_msgs/lib'
[1.477s] Level 1:colcon.colcon_core.shell:create_environment_hook('unity_robotics_demo_msgs', 'ld_library_path_lib')
[1.478s] INFO:colcon.colcon_core.shell:Creating environment hook '/home/lorenzo/Bureau/Unity_Playground/install/unity_robotics_demo_msgs/share/unity_robotics_demo_msgs/hook/ld_library_path_lib.ps1'
[1.478s] INFO:colcon.colcon_core.shell:Creating environment descriptor '/home/lorenzo/Bureau/Unity_Playground/install/unity_robotics_demo_msgs/share/unity_robotics_demo_msgs/hook/ld_library_path_lib.dsv'
[1.479s] INFO:colcon.colcon_core.shell:Creating environment hook '/home/lorenzo/Bureau/Unity_Playground/install/unity_robotics_demo_msgs/share/unity_robotics_demo_msgs/hook/ld_library_path_lib.sh'
[1.480s] Level 1:colcon.colcon_core.environment:checking '/home/lorenzo/Bureau/Unity_Playground/install/unity_robotics_demo_msgs/bin'
[1.480s] Level 1:colcon.colcon_core.environment:checking '/home/lorenzo/Bureau/Unity_Playground/install/unity_robotics_demo_msgs/lib/pkgconfig/unity_robotics_demo_msgs.pc'
[1.480s] Level 1:colcon.colcon_core.environment:checking '/home/lorenzo/Bureau/Unity_Playground/install/unity_robotics_demo_msgs/lib/python3.10/site-packages'
[1.480s] Level 1:colcon.colcon_core.environment:checking '/home/lorenzo/Bureau/Unity_Playground/install/unity_robotics_demo_msgs/bin'
[1.481s] INFO:colcon.colcon_core.shell:Creating package script '/home/lorenzo/Bureau/Unity_Playground/install/unity_robotics_demo_msgs/share/unity_robotics_demo_msgs/package.ps1'
[1.482s] INFO:colcon.colcon_core.shell:Creating package descriptor '/home/lorenzo/Bureau/Unity_Playground/install/unity_robotics_demo_msgs/share/unity_robotics_demo_msgs/package.dsv'
[1.483s] INFO:colcon.colcon_core.shell:Creating package script '/home/lorenzo/Bureau/Unity_Playground/install/unity_robotics_demo_msgs/share/unity_robotics_demo_msgs/package.sh'
[1.484s] INFO:colcon.colcon_core.shell:Creating package script '/home/lorenzo/Bureau/Unity_Playground/install/unity_robotics_demo_msgs/share/unity_robotics_demo_msgs/package.bash'
[1.486s] INFO:colcon.colcon_core.shell:Creating package script '/home/lorenzo/Bureau/Unity_Playground/install/unity_robotics_demo_msgs/share/unity_robotics_demo_msgs/package.zsh'
[1.487s] Level 1:colcon.colcon_core.environment:create_file_with_runtime_dependencies(/home/lorenzo/Bureau/Unity_Playground/install/unity_robotics_demo_msgs/share/colcon-core/packages/unity_robotics_demo_msgs)
[1.488s] Level 1:colcon.colcon_core.environment:create_environment_scripts_only(unity_robotics_demo_msgs)
[1.488s] Level 1:colcon.colcon_core.environment:checking '/home/lorenzo/Bureau/Unity_Playground/install/unity_robotics_demo_msgs' for CMake module files
[1.489s] Level 1:colcon.colcon_core.environment:checking '/home/lorenzo/Bureau/Unity_Playground/install/unity_robotics_demo_msgs' for CMake config files
[1.489s] Level 1:colcon.colcon_core.shell:create_environment_hook('unity_robotics_demo_msgs', 'cmake_prefix_path')
[1.490s] INFO:colcon.colcon_core.shell:Creating environment hook '/home/lorenzo/Bureau/Unity_Playground/install/unity_robotics_demo_msgs/share/unity_robotics_demo_msgs/hook/cmake_prefix_path.ps1'
[1.491s] INFO:colcon.colcon_core.shell:Creating environment descriptor '/home/lorenzo/Bureau/Unity_Playground/install/unity_robotics_demo_msgs/share/unity_robotics_demo_msgs/hook/cmake_prefix_path.dsv'
[1.491s] INFO:colcon.colcon_core.shell:Creating environment hook '/home/lorenzo/Bureau/Unity_Playground/install/unity_robotics_demo_msgs/share/unity_robotics_demo_msgs/hook/cmake_prefix_path.sh'
[1.492s] Level 1:colcon.colcon_core.environment:checking '/home/lorenzo/Bureau/Unity_Playground/install/unity_robotics_demo_msgs/lib'
[1.492s] Level 1:colcon.colcon_core.shell:create_environment_hook('unity_robotics_demo_msgs', 'ld_library_path_lib')
[1.493s] INFO:colcon.colcon_core.shell:Creating environment hook '/home/lorenzo/Bureau/Unity_Playground/install/unity_robotics_demo_msgs/share/unity_robotics_demo_msgs/hook/ld_library_path_lib.ps1'
[1.493s] INFO:colcon.colcon_core.shell:Creating environment descriptor '/home/lorenzo/Bureau/Unity_Playground/install/unity_robotics_demo_msgs/share/unity_robotics_demo_msgs/hook/ld_library_path_lib.dsv'
[1.494s] INFO:colcon.colcon_core.shell:Creating environment hook '/home/lorenzo/Bureau/Unity_Playground/install/unity_robotics_demo_msgs/share/unity_robotics_demo_msgs/hook/ld_library_path_lib.sh'
[1.495s] Level 1:colcon.colcon_core.environment:checking '/home/lorenzo/Bureau/Unity_Playground/install/unity_robotics_demo_msgs/bin'
[1.495s] Level 1:colcon.colcon_core.environment:checking '/home/lorenzo/Bureau/Unity_Playground/install/unity_robotics_demo_msgs/lib/pkgconfig/unity_robotics_demo_msgs.pc'
[1.495s] Level 1:colcon.colcon_core.environment:checking '/home/lorenzo/Bureau/Unity_Playground/install/unity_robotics_demo_msgs/lib/python3.10/site-packages'
[1.495s] Level 1:colcon.colcon_core.environment:checking '/home/lorenzo/Bureau/Unity_Playground/install/unity_robotics_demo_msgs/bin'
[1.496s] INFO:colcon.colcon_core.shell:Creating package script '/home/lorenzo/Bureau/Unity_Playground/install/unity_robotics_demo_msgs/share/unity_robotics_demo_msgs/package.ps1'
[1.497s] INFO:colcon.colcon_core.shell:Creating package descriptor '/home/lorenzo/Bureau/Unity_Playground/install/unity_robotics_demo_msgs/share/unity_robotics_demo_msgs/package.dsv'
[1.497s] INFO:colcon.colcon_core.shell:Creating package script '/home/lorenzo/Bureau/Unity_Playground/install/unity_robotics_demo_msgs/share/unity_robotics_demo_msgs/package.sh'
[1.498s] INFO:colcon.colcon_core.shell:Creating package script '/home/lorenzo/Bureau/Unity_Playground/install/unity_robotics_demo_msgs/share/unity_robotics_demo_msgs/package.bash'
[1.499s] INFO:colcon.colcon_core.shell:Creating package script '/home/lorenzo/Bureau/Unity_Playground/install/unity_robotics_demo_msgs/share/unity_robotics_demo_msgs/package.zsh'
[1.499s] Level 1:colcon.colcon_core.environment:create_file_with_runtime_dependencies(/home/lorenzo/Bureau/Unity_Playground/install/unity_robotics_demo_msgs/share/colcon-core/packages/unity_robotics_demo_msgs)
[1.752s] Level 1:colcon.colcon_core.environment:checking '/home/lorenzo/Bureau/Unity_Playground/install/unity_robotics_demo' for CMake module files
[1.753s] DEBUG:colcon.colcon_core.event_handler.log_command:Invoked command in '/home/lorenzo/Bureau/Unity_Playground/src/unity_robotics_demo' returned '0': PYTHONPATH=/home/lorenzo/Bureau/Unity_Playground/build/unity_robotics_demo/prefix_override:/usr/lib/python3/dist-packages/colcon_core/task/python/colcon_distutils_commands:/home/lorenzo/Bureau/Unity_Playground/install/unity_robotics_demo/lib/python3.10/site-packages:${PYTHONPATH} /usr/bin/python3 -W ignore:setup.py install is deprecated -W ignore:easy_install command is deprecated setup.py egg_info --egg-base ../../build/unity_robotics_demo build --build-base /home/lorenzo/Bureau/Unity_Playground/build/unity_robotics_demo/build install --record /home/lorenzo/Bureau/Unity_Playground/build/unity_robotics_demo/install.log --install-scripts $base/lib/unity_robotics_demo --single-version-externally-managed install_data
[1.753s] Level 1:colcon.colcon_core.environment:checking '/home/lorenzo/Bureau/Unity_Playground/install/unity_robotics_demo' for CMake config files
[1.754s] Level 1:colcon.colcon_core.environment:checking '/home/lorenzo/Bureau/Unity_Playground/install/unity_robotics_demo/lib'
[1.754s] Level 1:colcon.colcon_core.environment:checking '/home/lorenzo/Bureau/Unity_Playground/install/unity_robotics_demo/bin'
[1.754s] Level 1:colcon.colcon_core.environment:checking '/home/lorenzo/Bureau/Unity_Playground/install/unity_robotics_demo/lib/pkgconfig/unity_robotics_demo.pc'
[1.754s] Level 1:colcon.colcon_core.environment:checking '/home/lorenzo/Bureau/Unity_Playground/install/unity_robotics_demo/lib/python3.10/site-packages'
[1.754s] Level 1:colcon.colcon_core.shell:create_environment_hook('unity_robotics_demo', 'pythonpath')
[1.755s] INFO:colcon.colcon_core.shell:Creating environment hook '/home/lorenzo/Bureau/Unity_Playground/install/unity_robotics_demo/share/unity_robotics_demo/hook/pythonpath.ps1'
[1.755s] INFO:colcon.colcon_core.shell:Creating environment descriptor '/home/lorenzo/Bureau/Unity_Playground/install/unity_robotics_demo/share/unity_robotics_demo/hook/pythonpath.dsv'
[1.756s] INFO:colcon.colcon_core.shell:Creating environment hook '/home/lorenzo/Bureau/Unity_Playground/install/unity_robotics_demo/share/unity_robotics_demo/hook/pythonpath.sh'
[1.756s] Level 1:colcon.colcon_core.environment:checking '/home/lorenzo/Bureau/Unity_Playground/install/unity_robotics_demo/bin'
[1.756s] Level 1:colcon.colcon_core.environment:create_environment_scripts_only(unity_robotics_demo)
[1.757s] INFO:colcon.colcon_core.shell:Creating package script '/home/lorenzo/Bureau/Unity_Playground/install/unity_robotics_demo/share/unity_robotics_demo/package.ps1'
[1.757s] INFO:colcon.colcon_core.shell:Creating package descriptor '/home/lorenzo/Bureau/Unity_Playground/install/unity_robotics_demo/share/unity_robotics_demo/package.dsv'
[1.758s] INFO:colcon.colcon_core.shell:Creating package script '/home/lorenzo/Bureau/Unity_Playground/install/unity_robotics_demo/share/unity_robotics_demo/package.sh'
[1.758s] INFO:colcon.colcon_core.shell:Creating package script '/home/lorenzo/Bureau/Unity_Playground/install/unity_robotics_demo/share/unity_robotics_demo/package.bash'
[1.758s] INFO:colcon.colcon_core.shell:Creating package script '/home/lorenzo/Bureau/Unity_Playground/install/unity_robotics_demo/share/unity_robotics_demo/package.zsh'
[1.759s] Level 1:colcon.colcon_core.environment:create_file_with_runtime_dependencies(/home/lorenzo/Bureau/Unity_Playground/install/unity_robotics_demo/share/colcon-core/packages/unity_robotics_demo)
[1.760s] Level 1:colcon.colcon_core.environment:checking '/home/lorenzo/Bureau/Unity_Playground/install/ros_tcp_endpoint' for CMake module files
[1.761s] DEBUG:colcon.colcon_core.event_handler.log_command:Invoked command in '/home/lorenzo/Bureau/Unity_Playground/src/ros_tcp_endpoint' returned '0': PYTHONPATH=/home/lorenzo/Bureau/Unity_Playground/build/ros_tcp_endpoint/prefix_override:/usr/lib/python3/dist-packages/colcon_core/task/python/colcon_distutils_commands:/home/lorenzo/Bureau/Unity_Playground/install/ros_tcp_endpoint/lib/python3.10/site-packages:${PYTHONPATH} /usr/bin/python3 -W ignore:setup.py install is deprecated -W ignore:easy_install command is deprecated setup.py egg_info --egg-base ../../build/ros_tcp_endpoint build --build-base /home/lorenzo/Bureau/Unity_Playground/build/ros_tcp_endpoint/build install --record /home/lorenzo/Bureau/Unity_Playground/build/ros_tcp_endpoint/install.log --install-scripts $base/lib/ros_tcp_endpoint --single-version-externally-managed install_data
[1.761s] Level 1:colcon.colcon_core.environment:checking '/home/lorenzo/Bureau/Unity_Playground/install/ros_tcp_endpoint' for CMake config files
[1.762s] Level 1:colcon.colcon_core.environment:checking '/home/lorenzo/Bureau/Unity_Playground/install/ros_tcp_endpoint/lib'
[1.762s] Level 1:colcon.colcon_core.environment:checking '/home/lorenzo/Bureau/Unity_Playground/install/ros_tcp_endpoint/bin'
[1.762s] Level 1:colcon.colcon_core.environment:checking '/home/lorenzo/Bureau/Unity_Playground/install/ros_tcp_endpoint/lib/pkgconfig/ros_tcp_endpoint.pc'
[1.762s] Level 1:colcon.colcon_core.environment:checking '/home/lorenzo/Bureau/Unity_Playground/install/ros_tcp_endpoint/lib/python3.10/site-packages'
[1.762s] Level 1:colcon.colcon_core.shell:create_environment_hook('ros_tcp_endpoint', 'pythonpath')
[1.762s] INFO:colcon.colcon_core.shell:Creating environment hook '/home/lorenzo/Bureau/Unity_Playground/install/ros_tcp_endpoint/share/ros_tcp_endpoint/hook/pythonpath.ps1'
[1.763s] INFO:colcon.colcon_core.shell:Creating environment descriptor '/home/lorenzo/Bureau/Unity_Playground/install/ros_tcp_endpoint/share/ros_tcp_endpoint/hook/pythonpath.dsv'
[1.763s] INFO:colcon.colcon_core.shell:Creating environment hook '/home/lorenzo/Bureau/Unity_Playground/install/ros_tcp_endpoint/share/ros_tcp_endpoint/hook/pythonpath.sh'
[1.764s] Level 1:colcon.colcon_core.environment:checking '/home/lorenzo/Bureau/Unity_Playground/install/ros_tcp_endpoint/bin'
[1.764s] Level 1:colcon.colcon_core.environment:create_environment_scripts_only(ros_tcp_endpoint)
[1.764s] INFO:colcon.colcon_core.shell:Creating package script '/home/lorenzo/Bureau/Unity_Playground/install/ros_tcp_endpoint/share/ros_tcp_endpoint/package.ps1'
[1.765s] INFO:colcon.colcon_core.shell:Creating package descriptor '/home/lorenzo/Bureau/Unity_Playground/install/ros_tcp_endpoint/share/ros_tcp_endpoint/package.dsv'
[1.765s] INFO:colcon.colcon_core.shell:Creating package script '/home/lorenzo/Bureau/Unity_Playground/install/ros_tcp_endpoint/share/ros_tcp_endpoint/package.sh'
[1.766s] INFO:colcon.colcon_core.shell:Creating package script '/home/lorenzo/Bureau/Unity_Playground/install/ros_tcp_endpoint/share/ros_tcp_endpoint/package.bash'
[1.766s] INFO:colcon.colcon_core.shell:Creating package script '/home/lorenzo/Bureau/Unity_Playground/install/ros_tcp_endpoint/share/ros_tcp_endpoint/package.zsh'
[1.767s] Level 1:colcon.colcon_core.environment:create_file_with_runtime_dependencies(/home/lorenzo/Bureau/Unity_Playground/install/ros_tcp_endpoint/share/colcon-core/packages/ros_tcp_endpoint)
[1.767s] DEBUG:colcon.colcon_parallel_executor.executor.parallel:closing loop
[1.767s] DEBUG:colcon.colcon_parallel_executor.executor.parallel:loop closed
[1.767s] DEBUG:colcon.colcon_parallel_executor.executor.parallel:run_until_complete finished with '0'
[1.767s] DEBUG:colcon.colcon_core.event_reactor:joining thread
[1.774s] INFO:colcon.colcon_core.plugin_system:Skipping extension 'colcon_notification.desktop_notification.terminal_notifier': Not used on non-Darwin systems
[1.775s] INFO:colcon.colcon_core.plugin_system:Skipping extension 'colcon_notification.desktop_notification.win32': Not used on non-Windows systems
[1.775s] INFO:colcon.colcon_notification.desktop_notification:Sending desktop notification using 'notify2'
[1.788s] DEBUG:colcon.colcon_core.event_reactor:joined thread
[1.788s] INFO:colcon.colcon_core.shell:Creating prefix script '/home/lorenzo/Bureau/Unity_Playground/install/local_setup.ps1'
[1.790s] INFO:colcon.colcon_core.shell:Creating prefix util module '/home/lorenzo/Bureau/Unity_Playground/install/_local_setup_util_ps1.py'
[1.792s] INFO:colcon.colcon_core.shell:Creating prefix chain script '/home/lorenzo/Bureau/Unity_Playground/install/setup.ps1'
[1.793s] INFO:colcon.colcon_core.shell:Creating prefix script '/home/lorenzo/Bureau/Unity_Playground/install/local_setup.sh'
[1.793s] INFO:colcon.colcon_core.shell:Creating prefix util module '/home/lorenzo/Bureau/Unity_Playground/install/_local_setup_util_sh.py'
[1.794s] INFO:colcon.colcon_core.shell:Creating prefix chain script '/home/lorenzo/Bureau/Unity_Playground/install/setup.sh'
[1.795s] INFO:colcon.colcon_core.shell:Creating prefix script '/home/lorenzo/Bureau/Unity_Playground/install/local_setup.bash'
[1.796s] INFO:colcon.colcon_core.shell:Creating prefix chain script '/home/lorenzo/Bureau/Unity_Playground/install/setup.bash'
[1.797s] INFO:colcon.colcon_core.shell:Creating prefix script '/home/lorenzo/Bureau/Unity_Playground/install/local_setup.zsh'
[1.797s] INFO:colcon.colcon_core.shell:Creating prefix chain script '/home/lorenzo/Bureau/Unity_Playground/install/setup.zsh'
