[0.566s] Invoking command in '/home/lorenzo/Bureau/Unity_Playground/build/unity_robotics_demo_msgs': CMAKE_PREFIX_PATH=${CMAKE_PREFIX_PATH}:/home/lorenzo/Bureau/Unity_Playground/install/unity_robotics_demo:/home/lorenzo/Bureau/Unity_Playground/install/ros_tcp_endpoint:/opt/ros/humble /usr/bin/cmake --build /home/lorenzo/Bureau/Unity_Playground/build/unity_robotics_demo_msgs -- -j16 -l16
[0.607s] [  1%] Built target unity_robotics_demo_msgs__cpp
[0.614s] [ 12%] Built target unity_robotics_demo_msgs__rosidl_generator_c
[0.617s] [ 12%] Built target ament_cmake_python_copy_unity_robotics_demo_msgs
[0.639s] [ 23%] Built target unity_robotics_demo_msgs__rosidl_typesupport_c
[0.643s] [ 50%] Built target unity_robotics_demo_msgs__rosidl_typesupport_cpp
[0.643s] [ 52%] Built target unity_robotics_demo_msgs__rosidl_typesupport_introspection_c
[0.644s] [ 56%] Built target unity_robotics_demo_msgs__rosidl_typesupport_introspection_cpp
[0.647s] [ 67%] Built target unity_robotics_demo_msgs__rosidl_typesupport_fastrtps_cpp
[0.650s] [ 78%] Built target unity_robotics_demo_msgs__rosidl_typesupport_fastrtps_c
[0.669s] [ 78%] Built target unity_robotics_demo_msgs
[0.692s] [ 80%] Built target unity_robotics_demo_msgs__py
[0.718s] [ 89%] Built target unity_robotics_demo_msgs__rosidl_generator_py
[0.745s] [ 92%] Built target unity_robotics_demo_msgs__rosidl_typesupport_fastrtps_c__pyext
[0.746s] [100%] Built target unity_robotics_demo_msgs__rosidl_typesupport_c__pyext
[0.746s] [100%] Built target unity_robotics_demo_msgs__rosidl_typesupport_introspection_c__pyext
[0.922s] running egg_info
[0.923s] writing unity_robotics_demo_msgs.egg-info/PKG-INFO
[0.923s] writing dependency_links to unity_robotics_demo_msgs.egg-info/dependency_links.txt
[0.923s] writing top-level names to unity_robotics_demo_msgs.egg-info/top_level.txt
[0.926s] reading manifest file 'unity_robotics_demo_msgs.egg-info/SOURCES.txt'
[0.928s] writing manifest file 'unity_robotics_demo_msgs.egg-info/SOURCES.txt'
[0.963s] [100%] Built target ament_cmake_python_build_unity_robotics_demo_msgs_egg
[0.975s] Invoked command in '/home/lorenzo/Bureau/Unity_Playground/build/unity_robotics_demo_msgs' returned '0': CMAKE_PREFIX_PATH=${CMAKE_PREFIX_PATH}:/home/lorenzo/Bureau/Unity_Playground/install/unity_robotics_demo:/home/lorenzo/Bureau/Unity_Playground/install/ros_tcp_endpoint:/opt/ros/humble /usr/bin/cmake --build /home/lorenzo/Bureau/Unity_Playground/build/unity_robotics_demo_msgs -- -j16 -l16
[0.983s] Invoking command in '/home/lorenzo/Bureau/Unity_Playground/build/unity_robotics_demo_msgs': CMAKE_PREFIX_PATH=${CMAKE_PREFIX_PATH}:/home/lorenzo/Bureau/Unity_Playground/install/unity_robotics_demo:/home/lorenzo/Bureau/Unity_Playground/install/ros_tcp_endpoint:/opt/ros/humble /usr/bin/cmake --install /home/lorenzo/Bureau/Unity_Playground/build/unity_robotics_demo_msgs
[0.988s] -- Install configuration: ""
[0.989s] -- Up-to-date: /home/lorenzo/Bureau/Unity_Playground/install/unity_robotics_demo_msgs/share/ament_index/resource_index/rosidl_interfaces/unity_robotics_demo_msgs
[0.989s] -- Up-to-date: /home/lorenzo/Bureau/Unity_Playground/install/unity_robotics_demo_msgs/include/unity_robotics_demo_msgs/unity_robotics_demo_msgs
[0.989s] -- Up-to-date: /home/lorenzo/Bureau/Unity_Playground/install/unity_robotics_demo_msgs/include/unity_robotics_demo_msgs/unity_robotics_demo_msgs/msg
[0.992s] -- Up-to-date: /home/lorenzo/Bureau/Unity_Playground/install/unity_robotics_demo_msgs/include/unity_robotics_demo_msgs/unity_robotics_demo_msgs/msg/pos_rot.h
[0.992s] -- Up-to-date: /home/lorenzo/Bureau/Unity_Playground/install/unity_robotics_demo_msgs/include/unity_robotics_demo_msgs/unity_robotics_demo_msgs/msg/unity_color.h
[0.993s] -- Up-to-date: /home/lorenzo/Bureau/Unity_Playground/install/unity_robotics_demo_msgs/include/unity_robotics_demo_msgs/unity_robotics_demo_msgs/msg/detail
[0.993s] -- Up-to-date: /home/lorenzo/Bureau/Unity_Playground/install/unity_robotics_demo_msgs/include/unity_robotics_demo_msgs/unity_robotics_demo_msgs/msg/detail/pos_rot__type_support.h
[0.993s] -- Up-to-date: /home/lorenzo/Bureau/Unity_Playground/install/unity_robotics_demo_msgs/include/unity_robotics_demo_msgs/unity_robotics_demo_msgs/msg/detail/pos_rot__functions.h
[0.993s] -- Up-to-date: /home/lorenzo/Bureau/Unity_Playground/install/unity_robotics_demo_msgs/include/unity_robotics_demo_msgs/unity_robotics_demo_msgs/msg/detail/unity_color__functions.c
[0.993s] -- Up-to-date: /home/lorenzo/Bureau/Unity_Playground/install/unity_robotics_demo_msgs/include/unity_robotics_demo_msgs/unity_robotics_demo_msgs/msg/detail/pos_rot__struct.h
[0.993s] -- Up-to-date: /home/lorenzo/Bureau/Unity_Playground/install/unity_robotics_demo_msgs/include/unity_robotics_demo_msgs/unity_robotics_demo_msgs/msg/detail/unity_color__functions.h
[0.994s] -- Up-to-date: /home/lorenzo/Bureau/Unity_Playground/install/unity_robotics_demo_msgs/include/unity_robotics_demo_msgs/unity_robotics_demo_msgs/msg/detail/pos_rot__functions.c
[0.994s] -- Up-to-date: /home/lorenzo/Bureau/Unity_Playground/install/unity_robotics_demo_msgs/include/unity_robotics_demo_msgs/unity_robotics_demo_msgs/msg/detail/unity_color__type_support.h
[0.994s] -- Up-to-date: /home/lorenzo/Bureau/Unity_Playground/install/unity_robotics_demo_msgs/include/unity_robotics_demo_msgs/unity_robotics_demo_msgs/msg/detail/unity_color__struct.h
[0.994s] -- Up-to-date: /home/lorenzo/Bureau/Unity_Playground/install/unity_robotics_demo_msgs/include/unity_robotics_demo_msgs/unity_robotics_demo_msgs/msg/rosidl_generator_c__visibility_control.h
[0.994s] -- Up-to-date: /home/lorenzo/Bureau/Unity_Playground/install/unity_robotics_demo_msgs/include/unity_robotics_demo_msgs/unity_robotics_demo_msgs/srv
[0.994s] -- Up-to-date: /home/lorenzo/Bureau/Unity_Playground/install/unity_robotics_demo_msgs/include/unity_robotics_demo_msgs/unity_robotics_demo_msgs/srv/object_pose_service.h
[0.994s] -- Up-to-date: /home/lorenzo/Bureau/Unity_Playground/install/unity_robotics_demo_msgs/include/unity_robotics_demo_msgs/unity_robotics_demo_msgs/srv/position_service.h
[0.996s] -- Up-to-date: /home/lorenzo/Bureau/Unity_Playground/install/unity_robotics_demo_msgs/include/unity_robotics_demo_msgs/unity_robotics_demo_msgs/srv/detail
[0.996s] -- Up-to-date: /home/lorenzo/Bureau/Unity_Playground/install/unity_robotics_demo_msgs/include/unity_robotics_demo_msgs/unity_robotics_demo_msgs/srv/detail/position_service__functions.h
[0.996s] -- Up-to-date: /home/lorenzo/Bureau/Unity_Playground/install/unity_robotics_demo_msgs/include/unity_robotics_demo_msgs/unity_robotics_demo_msgs/srv/detail/position_service__type_support.h
[0.996s] -- Up-to-date: /home/lorenzo/Bureau/Unity_Playground/install/unity_robotics_demo_msgs/include/unity_robotics_demo_msgs/unity_robotics_demo_msgs/srv/detail/position_service__functions.c
[0.996s] -- Up-to-date: /home/lorenzo/Bureau/Unity_Playground/install/unity_robotics_demo_msgs/include/unity_robotics_demo_msgs/unity_robotics_demo_msgs/srv/detail/position_service__struct.h
[0.996s] -- Up-to-date: /home/lorenzo/Bureau/Unity_Playground/install/unity_robotics_demo_msgs/include/unity_robotics_demo_msgs/unity_robotics_demo_msgs/srv/detail/object_pose_service__functions.c
[0.996s] -- Up-to-date: /home/lorenzo/Bureau/Unity_Playground/install/unity_robotics_demo_msgs/include/unity_robotics_demo_msgs/unity_robotics_demo_msgs/srv/detail/object_pose_service__struct.h
[0.996s] -- Up-to-date: /home/lorenzo/Bureau/Unity_Playground/install/unity_robotics_demo_msgs/include/unity_robotics_demo_msgs/unity_robotics_demo_msgs/srv/detail/object_pose_service__type_support.h
[0.996s] -- Up-to-date: /home/lorenzo/Bureau/Unity_Playground/install/unity_robotics_demo_msgs/include/unity_robotics_demo_msgs/unity_robotics_demo_msgs/srv/detail/object_pose_service__functions.h
[0.996s] -- Up-to-date: /home/lorenzo/Bureau/Unity_Playground/install/unity_robotics_demo_msgs/share/unity_robotics_demo_msgs/environment/library_path.sh
[0.997s] -- Up-to-date: /home/lorenzo/Bureau/Unity_Playground/install/unity_robotics_demo_msgs/share/unity_robotics_demo_msgs/environment/library_path.dsv
[0.997s] -- Up-to-date: /home/lorenzo/Bureau/Unity_Playground/install/unity_robotics_demo_msgs/lib/libunity_robotics_demo_msgs__rosidl_generator_c.so
[0.997s] -- Up-to-date: /home/lorenzo/Bureau/Unity_Playground/install/unity_robotics_demo_msgs/include/unity_robotics_demo_msgs/unity_robotics_demo_msgs
[0.997s] -- Up-to-date: /home/lorenzo/Bureau/Unity_Playground/install/unity_robotics_demo_msgs/include/unity_robotics_demo_msgs/unity_robotics_demo_msgs/msg
[0.997s] -- Up-to-date: /home/lorenzo/Bureau/Unity_Playground/install/unity_robotics_demo_msgs/include/unity_robotics_demo_msgs/unity_robotics_demo_msgs/msg/rosidl_typesupport_fastrtps_c__visibility_control.h
[0.997s] -- Up-to-date: /home/lorenzo/Bureau/Unity_Playground/install/unity_robotics_demo_msgs/include/unity_robotics_demo_msgs/unity_robotics_demo_msgs/msg/detail
[0.997s] -- Up-to-date: /home/lorenzo/Bureau/Unity_Playground/install/unity_robotics_demo_msgs/include/unity_robotics_demo_msgs/unity_robotics_demo_msgs/msg/detail/pos_rot__rosidl_typesupport_fastrtps_c.h
[0.997s] -- Up-to-date: /home/lorenzo/Bureau/Unity_Playground/install/unity_robotics_demo_msgs/include/unity_robotics_demo_msgs/unity_robotics_demo_msgs/msg/detail/unity_color__rosidl_typesupport_fastrtps_c.h
[0.997s] -- Up-to-date: /home/lorenzo/Bureau/Unity_Playground/install/unity_robotics_demo_msgs/include/unity_robotics_demo_msgs/unity_robotics_demo_msgs/srv
[0.998s] -- Up-to-date: /home/lorenzo/Bureau/Unity_Playground/install/unity_robotics_demo_msgs/include/unity_robotics_demo_msgs/unity_robotics_demo_msgs/srv/detail
[0.998s] -- Up-to-date: /home/lorenzo/Bureau/Unity_Playground/install/unity_robotics_demo_msgs/include/unity_robotics_demo_msgs/unity_robotics_demo_msgs/srv/detail/object_pose_service__rosidl_typesupport_fastrtps_c.h
[0.998s] -- Up-to-date: /home/lorenzo/Bureau/Unity_Playground/install/unity_robotics_demo_msgs/include/unity_robotics_demo_msgs/unity_robotics_demo_msgs/srv/detail/position_service__rosidl_typesupport_fastrtps_c.h
[0.998s] -- Up-to-date: /home/lorenzo/Bureau/Unity_Playground/install/unity_robotics_demo_msgs/lib/libunity_robotics_demo_msgs__rosidl_typesupport_fastrtps_c.so
[0.998s] -- Up-to-date: /home/lorenzo/Bureau/Unity_Playground/install/unity_robotics_demo_msgs/include/unity_robotics_demo_msgs/unity_robotics_demo_msgs
[0.998s] -- Up-to-date: /home/lorenzo/Bureau/Unity_Playground/install/unity_robotics_demo_msgs/include/unity_robotics_demo_msgs/unity_robotics_demo_msgs/msg
[0.998s] -- Up-to-date: /home/lorenzo/Bureau/Unity_Playground/install/unity_robotics_demo_msgs/include/unity_robotics_demo_msgs/unity_robotics_demo_msgs/msg/rosidl_typesupport_introspection_c__visibility_control.h
[0.998s] -- Up-to-date: /home/lorenzo/Bureau/Unity_Playground/install/unity_robotics_demo_msgs/include/unity_robotics_demo_msgs/unity_robotics_demo_msgs/msg/detail
[0.998s] -- Up-to-date: /home/lorenzo/Bureau/Unity_Playground/install/unity_robotics_demo_msgs/include/unity_robotics_demo_msgs/unity_robotics_demo_msgs/msg/detail/unity_color__type_support.c
[0.998s] -- Up-to-date: /home/lorenzo/Bureau/Unity_Playground/install/unity_robotics_demo_msgs/include/unity_robotics_demo_msgs/unity_robotics_demo_msgs/msg/detail/pos_rot__rosidl_typesupport_introspection_c.h
[0.999s] -- Up-to-date: /home/lorenzo/Bureau/Unity_Playground/install/unity_robotics_demo_msgs/include/unity_robotics_demo_msgs/unity_robotics_demo_msgs/msg/detail/unity_color__rosidl_typesupport_introspection_c.h
[0.999s] -- Up-to-date: /home/lorenzo/Bureau/Unity_Playground/install/unity_robotics_demo_msgs/include/unity_robotics_demo_msgs/unity_robotics_demo_msgs/msg/detail/pos_rot__type_support.c
[0.999s] -- Up-to-date: /home/lorenzo/Bureau/Unity_Playground/install/unity_robotics_demo_msgs/include/unity_robotics_demo_msgs/unity_robotics_demo_msgs/srv
[0.999s] -- Up-to-date: /home/lorenzo/Bureau/Unity_Playground/install/unity_robotics_demo_msgs/include/unity_robotics_demo_msgs/unity_robotics_demo_msgs/srv/detail
[0.999s] -- Up-to-date: /home/lorenzo/Bureau/Unity_Playground/install/unity_robotics_demo_msgs/include/unity_robotics_demo_msgs/unity_robotics_demo_msgs/srv/detail/object_pose_service__rosidl_typesupport_introspection_c.h
[0.999s] -- Up-to-date: /home/lorenzo/Bureau/Unity_Playground/install/unity_robotics_demo_msgs/include/unity_robotics_demo_msgs/unity_robotics_demo_msgs/srv/detail/object_pose_service__type_support.c
[0.999s] -- Up-to-date: /home/lorenzo/Bureau/Unity_Playground/install/unity_robotics_demo_msgs/include/unity_robotics_demo_msgs/unity_robotics_demo_msgs/srv/detail/position_service__type_support.c
[0.999s] -- Up-to-date: /home/lorenzo/Bureau/Unity_Playground/install/unity_robotics_demo_msgs/include/unity_robotics_demo_msgs/unity_robotics_demo_msgs/srv/detail/position_service__rosidl_typesupport_introspection_c.h
[0.999s] -- Up-to-date: /home/lorenzo/Bureau/Unity_Playground/install/unity_robotics_demo_msgs/lib/libunity_robotics_demo_msgs__rosidl_typesupport_introspection_c.so
[0.999s] -- Up-to-date: /home/lorenzo/Bureau/Unity_Playground/install/unity_robotics_demo_msgs/lib/libunity_robotics_demo_msgs__rosidl_typesupport_c.so
[1.000s] -- Up-to-date: /home/lorenzo/Bureau/Unity_Playground/install/unity_robotics_demo_msgs/include/unity_robotics_demo_msgs/unity_robotics_demo_msgs
[1.000s] -- Up-to-date: /home/lorenzo/Bureau/Unity_Playground/install/unity_robotics_demo_msgs/include/unity_robotics_demo_msgs/unity_robotics_demo_msgs/msg
[1.000s] -- Up-to-date: /home/lorenzo/Bureau/Unity_Playground/install/unity_robotics_demo_msgs/include/unity_robotics_demo_msgs/unity_robotics_demo_msgs/msg/unity_color.hpp
[1.000s] -- Up-to-date: /home/lorenzo/Bureau/Unity_Playground/install/unity_robotics_demo_msgs/include/unity_robotics_demo_msgs/unity_robotics_demo_msgs/msg/pos_rot.hpp
[1.000s] -- Up-to-date: /home/lorenzo/Bureau/Unity_Playground/install/unity_robotics_demo_msgs/include/unity_robotics_demo_msgs/unity_robotics_demo_msgs/msg/rosidl_generator_cpp__visibility_control.hpp
[1.000s] -- Up-to-date: /home/lorenzo/Bureau/Unity_Playground/install/unity_robotics_demo_msgs/include/unity_robotics_demo_msgs/unity_robotics_demo_msgs/msg/detail
[1.000s] -- Up-to-date: /home/lorenzo/Bureau/Unity_Playground/install/unity_robotics_demo_msgs/include/unity_robotics_demo_msgs/unity_robotics_demo_msgs/msg/detail/unity_color__struct.hpp
[1.000s] -- Up-to-date: /home/lorenzo/Bureau/Unity_Playground/install/unity_robotics_demo_msgs/include/unity_robotics_demo_msgs/unity_robotics_demo_msgs/msg/detail/pos_rot__struct.hpp
[1.000s] -- Up-to-date: /home/lorenzo/Bureau/Unity_Playground/install/unity_robotics_demo_msgs/include/unity_robotics_demo_msgs/unity_robotics_demo_msgs/msg/detail/unity_color__traits.hpp
[1.001s] -- Up-to-date: /home/lorenzo/Bureau/Unity_Playground/install/unity_robotics_demo_msgs/include/unity_robotics_demo_msgs/unity_robotics_demo_msgs/msg/detail/pos_rot__type_support.hpp
[1.001s] -- Up-to-date: /home/lorenzo/Bureau/Unity_Playground/install/unity_robotics_demo_msgs/include/unity_robotics_demo_msgs/unity_robotics_demo_msgs/msg/detail/pos_rot__traits.hpp
[1.001s] -- Up-to-date: /home/lorenzo/Bureau/Unity_Playground/install/unity_robotics_demo_msgs/include/unity_robotics_demo_msgs/unity_robotics_demo_msgs/msg/detail/unity_color__builder.hpp
[1.001s] -- Up-to-date: /home/lorenzo/Bureau/Unity_Playground/install/unity_robotics_demo_msgs/include/unity_robotics_demo_msgs/unity_robotics_demo_msgs/msg/detail/pos_rot__builder.hpp
[1.001s] -- Up-to-date: /home/lorenzo/Bureau/Unity_Playground/install/unity_robotics_demo_msgs/include/unity_robotics_demo_msgs/unity_robotics_demo_msgs/msg/detail/unity_color__type_support.hpp
[1.001s] -- Up-to-date: /home/lorenzo/Bureau/Unity_Playground/install/unity_robotics_demo_msgs/include/unity_robotics_demo_msgs/unity_robotics_demo_msgs/srv
[1.001s] -- Up-to-date: /home/lorenzo/Bureau/Unity_Playground/install/unity_robotics_demo_msgs/include/unity_robotics_demo_msgs/unity_robotics_demo_msgs/srv/object_pose_service.hpp
[1.001s] -- Up-to-date: /home/lorenzo/Bureau/Unity_Playground/install/unity_robotics_demo_msgs/include/unity_robotics_demo_msgs/unity_robotics_demo_msgs/srv/position_service.hpp
[1.001s] -- Up-to-date: /home/lorenzo/Bureau/Unity_Playground/install/unity_robotics_demo_msgs/include/unity_robotics_demo_msgs/unity_robotics_demo_msgs/srv/detail
[1.001s] -- Up-to-date: /home/lorenzo/Bureau/Unity_Playground/install/unity_robotics_demo_msgs/include/unity_robotics_demo_msgs/unity_robotics_demo_msgs/srv/detail/position_service__builder.hpp
[1.001s] -- Up-to-date: /home/lorenzo/Bureau/Unity_Playground/install/unity_robotics_demo_msgs/include/unity_robotics_demo_msgs/unity_robotics_demo_msgs/srv/detail/object_pose_service__type_support.hpp
[1.002s] -- Up-to-date: /home/lorenzo/Bureau/Unity_Playground/install/unity_robotics_demo_msgs/include/unity_robotics_demo_msgs/unity_robotics_demo_msgs/srv/detail/position_service__struct.hpp
[1.002s] -- Up-to-date: /home/lorenzo/Bureau/Unity_Playground/install/unity_robotics_demo_msgs/include/unity_robotics_demo_msgs/unity_robotics_demo_msgs/srv/detail/position_service__type_support.hpp
[1.002s] -- Up-to-date: /home/lorenzo/Bureau/Unity_Playground/install/unity_robotics_demo_msgs/include/unity_robotics_demo_msgs/unity_robotics_demo_msgs/srv/detail/position_service__traits.hpp
[1.002s] -- Up-to-date: /home/lorenzo/Bureau/Unity_Playground/install/unity_robotics_demo_msgs/include/unity_robotics_demo_msgs/unity_robotics_demo_msgs/srv/detail/object_pose_service__struct.hpp
[1.002s] -- Up-to-date: /home/lorenzo/Bureau/Unity_Playground/install/unity_robotics_demo_msgs/include/unity_robotics_demo_msgs/unity_robotics_demo_msgs/srv/detail/object_pose_service__builder.hpp
[1.002s] -- Up-to-date: /home/lorenzo/Bureau/Unity_Playground/install/unity_robotics_demo_msgs/include/unity_robotics_demo_msgs/unity_robotics_demo_msgs/srv/detail/object_pose_service__traits.hpp
[1.002s] -- Up-to-date: /home/lorenzo/Bureau/Unity_Playground/install/unity_robotics_demo_msgs/include/unity_robotics_demo_msgs/unity_robotics_demo_msgs
[1.002s] -- Up-to-date: /home/lorenzo/Bureau/Unity_Playground/install/unity_robotics_demo_msgs/include/unity_robotics_demo_msgs/unity_robotics_demo_msgs/msg
[1.002s] -- Up-to-date: /home/lorenzo/Bureau/Unity_Playground/install/unity_robotics_demo_msgs/include/unity_robotics_demo_msgs/unity_robotics_demo_msgs/msg/rosidl_typesupport_fastrtps_cpp__visibility_control.h
[1.002s] -- Up-to-date: /home/lorenzo/Bureau/Unity_Playground/install/unity_robotics_demo_msgs/include/unity_robotics_demo_msgs/unity_robotics_demo_msgs/msg/detail
[1.002s] -- Up-to-date: /home/lorenzo/Bureau/Unity_Playground/install/unity_robotics_demo_msgs/include/unity_robotics_demo_msgs/unity_robotics_demo_msgs/msg/detail/pos_rot__rosidl_typesupport_fastrtps_cpp.hpp
[1.003s] -- Up-to-date: /home/lorenzo/Bureau/Unity_Playground/install/unity_robotics_demo_msgs/include/unity_robotics_demo_msgs/unity_robotics_demo_msgs/msg/detail/unity_color__rosidl_typesupport_fastrtps_cpp.hpp
[1.003s] -- Up-to-date: /home/lorenzo/Bureau/Unity_Playground/install/unity_robotics_demo_msgs/include/unity_robotics_demo_msgs/unity_robotics_demo_msgs/msg/detail/dds_fastrtps
[1.003s] -- Up-to-date: /home/lorenzo/Bureau/Unity_Playground/install/unity_robotics_demo_msgs/include/unity_robotics_demo_msgs/unity_robotics_demo_msgs/srv
[1.003s] -- Up-to-date: /home/lorenzo/Bureau/Unity_Playground/install/unity_robotics_demo_msgs/include/unity_robotics_demo_msgs/unity_robotics_demo_msgs/srv/detail
[1.003s] -- Up-to-date: /home/lorenzo/Bureau/Unity_Playground/install/unity_robotics_demo_msgs/include/unity_robotics_demo_msgs/unity_robotics_demo_msgs/srv/detail/position_service__rosidl_typesupport_fastrtps_cpp.hpp
[1.004s] -- Up-to-date: /home/lorenzo/Bureau/Unity_Playground/install/unity_robotics_demo_msgs/include/unity_robotics_demo_msgs/unity_robotics_demo_msgs/srv/detail/object_pose_service__rosidl_typesupport_fastrtps_cpp.hpp
[1.004s] -- Up-to-date: /home/lorenzo/Bureau/Unity_Playground/install/unity_robotics_demo_msgs/include/unity_robotics_demo_msgs/unity_robotics_demo_msgs/srv/detail/dds_fastrtps
[1.004s] -- Up-to-date: /home/lorenzo/Bureau/Unity_Playground/install/unity_robotics_demo_msgs/lib/libunity_robotics_demo_msgs__rosidl_typesupport_fastrtps_cpp.so
[1.004s] -- Up-to-date: /home/lorenzo/Bureau/Unity_Playground/install/unity_robotics_demo_msgs/include/unity_robotics_demo_msgs/unity_robotics_demo_msgs
[1.007s] -- Up-to-date: /home/lorenzo/Bureau/Unity_Playground/install/unity_robotics_demo_msgs/include/unity_robotics_demo_msgs/unity_robotics_demo_msgs/msg
[1.007s] -- Up-to-date: /home/lorenzo/Bureau/Unity_Playground/install/unity_robotics_demo_msgs/include/unity_robotics_demo_msgs/unity_robotics_demo_msgs/msg/detail
[1.007s] -- Up-to-date: /home/lorenzo/Bureau/Unity_Playground/install/unity_robotics_demo_msgs/include/unity_robotics_demo_msgs/unity_robotics_demo_msgs/msg/detail/pos_rot__type_support.cpp
[1.008s] -- Up-to-date: /home/lorenzo/Bureau/Unity_Playground/install/unity_robotics_demo_msgs/include/unity_robotics_demo_msgs/unity_robotics_demo_msgs/msg/detail/unity_color__rosidl_typesupport_introspection_cpp.hpp
[1.008s] -- Up-to-date: /home/lorenzo/Bureau/Unity_Playground/install/unity_robotics_demo_msgs/include/unity_robotics_demo_msgs/unity_robotics_demo_msgs/msg/detail/pos_rot__rosidl_typesupport_introspection_cpp.hpp
[1.008s] -- Up-to-date: /home/lorenzo/Bureau/Unity_Playground/install/unity_robotics_demo_msgs/include/unity_robotics_demo_msgs/unity_robotics_demo_msgs/msg/detail/unity_color__type_support.cpp
[1.008s] -- Up-to-date: /home/lorenzo/Bureau/Unity_Playground/install/unity_robotics_demo_msgs/include/unity_robotics_demo_msgs/unity_robotics_demo_msgs/srv
[1.008s] -- Up-to-date: /home/lorenzo/Bureau/Unity_Playground/install/unity_robotics_demo_msgs/include/unity_robotics_demo_msgs/unity_robotics_demo_msgs/srv/detail
[1.008s] -- Up-to-date: /home/lorenzo/Bureau/Unity_Playground/install/unity_robotics_demo_msgs/include/unity_robotics_demo_msgs/unity_robotics_demo_msgs/srv/detail/object_pose_service__rosidl_typesupport_introspection_cpp.hpp
[1.008s] -- Up-to-date: /home/lorenzo/Bureau/Unity_Playground/install/unity_robotics_demo_msgs/include/unity_robotics_demo_msgs/unity_robotics_demo_msgs/srv/detail/position_service__type_support.cpp
[1.008s] -- Up-to-date: /home/lorenzo/Bureau/Unity_Playground/install/unity_robotics_demo_msgs/include/unity_robotics_demo_msgs/unity_robotics_demo_msgs/srv/detail/object_pose_service__type_support.cpp
[1.008s] -- Up-to-date: /home/lorenzo/Bureau/Unity_Playground/install/unity_robotics_demo_msgs/include/unity_robotics_demo_msgs/unity_robotics_demo_msgs/srv/detail/position_service__rosidl_typesupport_introspection_cpp.hpp
[1.008s] -- Up-to-date: /home/lorenzo/Bureau/Unity_Playground/install/unity_robotics_demo_msgs/lib/libunity_robotics_demo_msgs__rosidl_typesupport_introspection_cpp.so
[1.009s] -- Up-to-date: /home/lorenzo/Bureau/Unity_Playground/install/unity_robotics_demo_msgs/lib/libunity_robotics_demo_msgs__rosidl_typesupport_cpp.so
[1.009s] -- Up-to-date: /home/lorenzo/Bureau/Unity_Playground/install/unity_robotics_demo_msgs/share/unity_robotics_demo_msgs/environment/pythonpath.sh
[1.009s] -- Up-to-date: /home/lorenzo/Bureau/Unity_Playground/install/unity_robotics_demo_msgs/share/unity_robotics_demo_msgs/environment/pythonpath.dsv
[1.009s] -- Up-to-date: /home/lorenzo/Bureau/Unity_Playground/install/unity_robotics_demo_msgs/local/lib/python3.10/dist-packages/unity_robotics_demo_msgs-0.0.1-py3.10.egg-info
[1.009s] -- Installing: /home/lorenzo/Bureau/Unity_Playground/install/unity_robotics_demo_msgs/local/lib/python3.10/dist-packages/unity_robotics_demo_msgs-0.0.1-py3.10.egg-info/top_level.txt
[1.009s] -- Installing: /home/lorenzo/Bureau/Unity_Playground/install/unity_robotics_demo_msgs/local/lib/python3.10/dist-packages/unity_robotics_demo_msgs-0.0.1-py3.10.egg-info/PKG-INFO
[1.009s] -- Installing: /home/lorenzo/Bureau/Unity_Playground/install/unity_robotics_demo_msgs/local/lib/python3.10/dist-packages/unity_robotics_demo_msgs-0.0.1-py3.10.egg-info/dependency_links.txt
[1.009s] -- Installing: /home/lorenzo/Bureau/Unity_Playground/install/unity_robotics_demo_msgs/local/lib/python3.10/dist-packages/unity_robotics_demo_msgs-0.0.1-py3.10.egg-info/SOURCES.txt
[1.009s] -- Up-to-date: /home/lorenzo/Bureau/Unity_Playground/install/unity_robotics_demo_msgs/local/lib/python3.10/dist-packages/unity_robotics_demo_msgs
[1.009s] -- Up-to-date: /home/lorenzo/Bureau/Unity_Playground/install/unity_robotics_demo_msgs/local/lib/python3.10/dist-packages/unity_robotics_demo_msgs/unity_robotics_demo_msgs_s__rosidl_typesupport_fastrtps_c.cpython-310-x86_64-linux-gnu.so
[1.009s] -- Up-to-date: /home/lorenzo/Bureau/Unity_Playground/install/unity_robotics_demo_msgs/local/lib/python3.10/dist-packages/unity_robotics_demo_msgs/msg
[1.010s] -- Up-to-date: /home/lorenzo/Bureau/Unity_Playground/install/unity_robotics_demo_msgs/local/lib/python3.10/dist-packages/unity_robotics_demo_msgs/msg/_pos_rot.py
[1.010s] -- Up-to-date: /home/lorenzo/Bureau/Unity_Playground/install/unity_robotics_demo_msgs/local/lib/python3.10/dist-packages/unity_robotics_demo_msgs/msg/_unity_color.py
[1.010s] -- Up-to-date: /home/lorenzo/Bureau/Unity_Playground/install/unity_robotics_demo_msgs/local/lib/python3.10/dist-packages/unity_robotics_demo_msgs/msg/__init__.py
[1.010s] -- Up-to-date: /home/lorenzo/Bureau/Unity_Playground/install/unity_robotics_demo_msgs/local/lib/python3.10/dist-packages/unity_robotics_demo_msgs/msg/_pos_rot_s.c
[1.010s] -- Up-to-date: /home/lorenzo/Bureau/Unity_Playground/install/unity_robotics_demo_msgs/local/lib/python3.10/dist-packages/unity_robotics_demo_msgs/msg/_unity_color_s.c
[1.010s] -- Up-to-date: /home/lorenzo/Bureau/Unity_Playground/install/unity_robotics_demo_msgs/local/lib/python3.10/dist-packages/unity_robotics_demo_msgs/_unity_robotics_demo_msgs_s.ep.rosidl_typesupport_c.c
[1.010s] -- Up-to-date: /home/lorenzo/Bureau/Unity_Playground/install/unity_robotics_demo_msgs/local/lib/python3.10/dist-packages/unity_robotics_demo_msgs/_unity_robotics_demo_msgs_s.ep.rosidl_typesupport_fastrtps_c.c
[1.010s] -- Up-to-date: /home/lorenzo/Bureau/Unity_Playground/install/unity_robotics_demo_msgs/local/lib/python3.10/dist-packages/unity_robotics_demo_msgs/libunity_robotics_demo_msgs__rosidl_generator_py.so
[1.010s] -- Up-to-date: /home/lorenzo/Bureau/Unity_Playground/install/unity_robotics_demo_msgs/local/lib/python3.10/dist-packages/unity_robotics_demo_msgs/unity_robotics_demo_msgs_s__rosidl_typesupport_c.cpython-310-x86_64-linux-gnu.so
[1.010s] -- Up-to-date: /home/lorenzo/Bureau/Unity_Playground/install/unity_robotics_demo_msgs/local/lib/python3.10/dist-packages/unity_robotics_demo_msgs/__init__.py
[1.010s] -- Up-to-date: /home/lorenzo/Bureau/Unity_Playground/install/unity_robotics_demo_msgs/local/lib/python3.10/dist-packages/unity_robotics_demo_msgs/unity_robotics_demo_msgs_s__rosidl_typesupport_introspection_c.cpython-310-x86_64-linux-gnu.so
[1.011s] -- Up-to-date: /home/lorenzo/Bureau/Unity_Playground/install/unity_robotics_demo_msgs/local/lib/python3.10/dist-packages/unity_robotics_demo_msgs/_unity_robotics_demo_msgs_s.ep.rosidl_typesupport_introspection_c.c
[1.011s] -- Up-to-date: /home/lorenzo/Bureau/Unity_Playground/install/unity_robotics_demo_msgs/local/lib/python3.10/dist-packages/unity_robotics_demo_msgs/srv
[1.011s] -- Up-to-date: /home/lorenzo/Bureau/Unity_Playground/install/unity_robotics_demo_msgs/local/lib/python3.10/dist-packages/unity_robotics_demo_msgs/srv/_object_pose_service.py
[1.011s] -- Up-to-date: /home/lorenzo/Bureau/Unity_Playground/install/unity_robotics_demo_msgs/local/lib/python3.10/dist-packages/unity_robotics_demo_msgs/srv/_position_service.py
[1.011s] -- Up-to-date: /home/lorenzo/Bureau/Unity_Playground/install/unity_robotics_demo_msgs/local/lib/python3.10/dist-packages/unity_robotics_demo_msgs/srv/_object_pose_service_s.c
[1.011s] -- Up-to-date: /home/lorenzo/Bureau/Unity_Playground/install/unity_robotics_demo_msgs/local/lib/python3.10/dist-packages/unity_robotics_demo_msgs/srv/__init__.py
[1.011s] -- Up-to-date: /home/lorenzo/Bureau/Unity_Playground/install/unity_robotics_demo_msgs/local/lib/python3.10/dist-packages/unity_robotics_demo_msgs/srv/_position_service_s.c
[1.044s] Listing '/home/lorenzo/Bureau/Unity_Playground/install/unity_robotics_demo_msgs/local/lib/python3.10/dist-packages/unity_robotics_demo_msgs'...
[1.044s] Listing '/home/lorenzo/Bureau/Unity_Playground/install/unity_robotics_demo_msgs/local/lib/python3.10/dist-packages/unity_robotics_demo_msgs/msg'...
[1.044s] Listing '/home/lorenzo/Bureau/Unity_Playground/install/unity_robotics_demo_msgs/local/lib/python3.10/dist-packages/unity_robotics_demo_msgs/srv'...
[1.053s] -- Up-to-date: /home/lorenzo/Bureau/Unity_Playground/install/unity_robotics_demo_msgs/local/lib/python3.10/dist-packages/unity_robotics_demo_msgs/unity_robotics_demo_msgs_s__rosidl_typesupport_fastrtps_c.cpython-310-x86_64-linux-gnu.so
[1.053s] -- Up-to-date: /home/lorenzo/Bureau/Unity_Playground/install/unity_robotics_demo_msgs/local/lib/python3.10/dist-packages/unity_robotics_demo_msgs/unity_robotics_demo_msgs_s__rosidl_typesupport_introspection_c.cpython-310-x86_64-linux-gnu.so
[1.053s] -- Up-to-date: /home/lorenzo/Bureau/Unity_Playground/install/unity_robotics_demo_msgs/local/lib/python3.10/dist-packages/unity_robotics_demo_msgs/unity_robotics_demo_msgs_s__rosidl_typesupport_c.cpython-310-x86_64-linux-gnu.so
[1.054s] -- Up-to-date: /home/lorenzo/Bureau/Unity_Playground/install/unity_robotics_demo_msgs/lib/libunity_robotics_demo_msgs__rosidl_generator_py.so
[1.054s] -- Up-to-date: /home/lorenzo/Bureau/Unity_Playground/install/unity_robotics_demo_msgs/share/unity_robotics_demo_msgs/msg/PosRot.idl
[1.054s] -- Up-to-date: /home/lorenzo/Bureau/Unity_Playground/install/unity_robotics_demo_msgs/share/unity_robotics_demo_msgs/msg/UnityColor.idl
[1.054s] -- Up-to-date: /home/lorenzo/Bureau/Unity_Playground/install/unity_robotics_demo_msgs/share/unity_robotics_demo_msgs/srv/PositionService.idl
[1.055s] -- Up-to-date: /home/lorenzo/Bureau/Unity_Playground/install/unity_robotics_demo_msgs/share/unity_robotics_demo_msgs/srv/ObjectPoseService.idl
[1.055s] -- Up-to-date: /home/lorenzo/Bureau/Unity_Playground/install/unity_robotics_demo_msgs/share/unity_robotics_demo_msgs/msg/PosRot.msg
[1.055s] -- Up-to-date: /home/lorenzo/Bureau/Unity_Playground/install/unity_robotics_demo_msgs/share/unity_robotics_demo_msgs/msg/UnityColor.msg
[1.055s] -- Up-to-date: /home/lorenzo/Bureau/Unity_Playground/install/unity_robotics_demo_msgs/share/unity_robotics_demo_msgs/srv/PositionService.srv
[1.055s] -- Up-to-date: /home/lorenzo/Bureau/Unity_Playground/install/unity_robotics_demo_msgs/share/unity_robotics_demo_msgs/srv/PositionService_Request.msg
[1.055s] -- Up-to-date: /home/lorenzo/Bureau/Unity_Playground/install/unity_robotics_demo_msgs/share/unity_robotics_demo_msgs/srv/PositionService_Response.msg
[1.055s] -- Up-to-date: /home/lorenzo/Bureau/Unity_Playground/install/unity_robotics_demo_msgs/share/unity_robotics_demo_msgs/srv/ObjectPoseService.srv
[1.055s] -- Up-to-date: /home/lorenzo/Bureau/Unity_Playground/install/unity_robotics_demo_msgs/share/unity_robotics_demo_msgs/srv/ObjectPoseService_Request.msg
[1.056s] -- Up-to-date: /home/lorenzo/Bureau/Unity_Playground/install/unity_robotics_demo_msgs/share/unity_robotics_demo_msgs/srv/ObjectPoseService_Response.msg
[1.056s] -- Up-to-date: /home/lorenzo/Bureau/Unity_Playground/install/unity_robotics_demo_msgs/share/ament_index/resource_index/package_run_dependencies/unity_robotics_demo_msgs
[1.056s] -- Up-to-date: /home/lorenzo/Bureau/Unity_Playground/install/unity_robotics_demo_msgs/share/ament_index/resource_index/parent_prefix_path/unity_robotics_demo_msgs
[1.056s] -- Up-to-date: /home/lorenzo/Bureau/Unity_Playground/install/unity_robotics_demo_msgs/share/unity_robotics_demo_msgs/environment/ament_prefix_path.sh
[1.056s] -- Up-to-date: /home/lorenzo/Bureau/Unity_Playground/install/unity_robotics_demo_msgs/share/unity_robotics_demo_msgs/environment/ament_prefix_path.dsv
[1.056s] -- Up-to-date: /home/lorenzo/Bureau/Unity_Playground/install/unity_robotics_demo_msgs/share/unity_robotics_demo_msgs/environment/path.sh
[1.056s] -- Up-to-date: /home/lorenzo/Bureau/Unity_Playground/install/unity_robotics_demo_msgs/share/unity_robotics_demo_msgs/environment/path.dsv
[1.057s] -- Up-to-date: /home/lorenzo/Bureau/Unity_Playground/install/unity_robotics_demo_msgs/share/unity_robotics_demo_msgs/local_setup.bash
[1.057s] -- Up-to-date: /home/lorenzo/Bureau/Unity_Playground/install/unity_robotics_demo_msgs/share/unity_robotics_demo_msgs/local_setup.sh
[1.057s] -- Up-to-date: /home/lorenzo/Bureau/Unity_Playground/install/unity_robotics_demo_msgs/share/unity_robotics_demo_msgs/local_setup.zsh
[1.057s] -- Up-to-date: /home/lorenzo/Bureau/Unity_Playground/install/unity_robotics_demo_msgs/share/unity_robotics_demo_msgs/local_setup.dsv
[1.057s] -- Installing: /home/lorenzo/Bureau/Unity_Playground/install/unity_robotics_demo_msgs/share/unity_robotics_demo_msgs/package.dsv
[1.057s] -- Up-to-date: /home/lorenzo/Bureau/Unity_Playground/install/unity_robotics_demo_msgs/share/ament_index/resource_index/packages/unity_robotics_demo_msgs
[1.057s] -- Up-to-date: /home/lorenzo/Bureau/Unity_Playground/install/unity_robotics_demo_msgs/share/unity_robotics_demo_msgs/cmake/export_unity_robotics_demo_msgs__rosidl_generator_cExport.cmake
[1.057s] -- Up-to-date: /home/lorenzo/Bureau/Unity_Playground/install/unity_robotics_demo_msgs/share/unity_robotics_demo_msgs/cmake/export_unity_robotics_demo_msgs__rosidl_generator_cExport-noconfig.cmake
[1.057s] -- Up-to-date: /home/lorenzo/Bureau/Unity_Playground/install/unity_robotics_demo_msgs/share/unity_robotics_demo_msgs/cmake/export_unity_robotics_demo_msgs__rosidl_typesupport_fastrtps_cExport.cmake
[1.058s] -- Up-to-date: /home/lorenzo/Bureau/Unity_Playground/install/unity_robotics_demo_msgs/share/unity_robotics_demo_msgs/cmake/export_unity_robotics_demo_msgs__rosidl_typesupport_fastrtps_cExport-noconfig.cmake
[1.058s] -- Up-to-date: /home/lorenzo/Bureau/Unity_Playground/install/unity_robotics_demo_msgs/share/unity_robotics_demo_msgs/cmake/unity_robotics_demo_msgs__rosidl_typesupport_introspection_cExport.cmake
[1.058s] -- Up-to-date: /home/lorenzo/Bureau/Unity_Playground/install/unity_robotics_demo_msgs/share/unity_robotics_demo_msgs/cmake/unity_robotics_demo_msgs__rosidl_typesupport_introspection_cExport-noconfig.cmake
[1.058s] -- Up-to-date: /home/lorenzo/Bureau/Unity_Playground/install/unity_robotics_demo_msgs/share/unity_robotics_demo_msgs/cmake/unity_robotics_demo_msgs__rosidl_typesupport_cExport.cmake
[1.058s] -- Up-to-date: /home/lorenzo/Bureau/Unity_Playground/install/unity_robotics_demo_msgs/share/unity_robotics_demo_msgs/cmake/unity_robotics_demo_msgs__rosidl_typesupport_cExport-noconfig.cmake
[1.058s] -- Up-to-date: /home/lorenzo/Bureau/Unity_Playground/install/unity_robotics_demo_msgs/share/unity_robotics_demo_msgs/cmake/export_unity_robotics_demo_msgs__rosidl_generator_cppExport.cmake
[1.058s] -- Up-to-date: /home/lorenzo/Bureau/Unity_Playground/install/unity_robotics_demo_msgs/share/unity_robotics_demo_msgs/cmake/export_unity_robotics_demo_msgs__rosidl_typesupport_fastrtps_cppExport.cmake
[1.058s] -- Up-to-date: /home/lorenzo/Bureau/Unity_Playground/install/unity_robotics_demo_msgs/share/unity_robotics_demo_msgs/cmake/export_unity_robotics_demo_msgs__rosidl_typesupport_fastrtps_cppExport-noconfig.cmake
[1.059s] -- Up-to-date: /home/lorenzo/Bureau/Unity_Playground/install/unity_robotics_demo_msgs/share/unity_robotics_demo_msgs/cmake/unity_robotics_demo_msgs__rosidl_typesupport_introspection_cppExport.cmake
[1.059s] -- Up-to-date: /home/lorenzo/Bureau/Unity_Playground/install/unity_robotics_demo_msgs/share/unity_robotics_demo_msgs/cmake/unity_robotics_demo_msgs__rosidl_typesupport_introspection_cppExport-noconfig.cmake
[1.059s] -- Up-to-date: /home/lorenzo/Bureau/Unity_Playground/install/unity_robotics_demo_msgs/share/unity_robotics_demo_msgs/cmake/unity_robotics_demo_msgs__rosidl_typesupport_cppExport.cmake
[1.059s] -- Up-to-date: /home/lorenzo/Bureau/Unity_Playground/install/unity_robotics_demo_msgs/share/unity_robotics_demo_msgs/cmake/unity_robotics_demo_msgs__rosidl_typesupport_cppExport-noconfig.cmake
[1.059s] -- Up-to-date: /home/lorenzo/Bureau/Unity_Playground/install/unity_robotics_demo_msgs/share/unity_robotics_demo_msgs/cmake/export_unity_robotics_demo_msgs__rosidl_generator_pyExport.cmake
[1.059s] -- Up-to-date: /home/lorenzo/Bureau/Unity_Playground/install/unity_robotics_demo_msgs/share/unity_robotics_demo_msgs/cmake/export_unity_robotics_demo_msgs__rosidl_generator_pyExport-noconfig.cmake
[1.059s] -- Up-to-date: /home/lorenzo/Bureau/Unity_Playground/install/unity_robotics_demo_msgs/share/unity_robotics_demo_msgs/cmake/rosidl_cmake-extras.cmake
[1.059s] -- Up-to-date: /home/lorenzo/Bureau/Unity_Playground/install/unity_robotics_demo_msgs/share/unity_robotics_demo_msgs/cmake/ament_cmake_export_dependencies-extras.cmake
[1.059s] -- Up-to-date: /home/lorenzo/Bureau/Unity_Playground/install/unity_robotics_demo_msgs/share/unity_robotics_demo_msgs/cmake/ament_cmake_export_include_directories-extras.cmake
[1.060s] -- Up-to-date: /home/lorenzo/Bureau/Unity_Playground/install/unity_robotics_demo_msgs/share/unity_robotics_demo_msgs/cmake/ament_cmake_export_libraries-extras.cmake
[1.060s] -- Up-to-date: /home/lorenzo/Bureau/Unity_Playground/install/unity_robotics_demo_msgs/share/unity_robotics_demo_msgs/cmake/ament_cmake_export_targets-extras.cmake
[1.060s] -- Up-to-date: /home/lorenzo/Bureau/Unity_Playground/install/unity_robotics_demo_msgs/share/unity_robotics_demo_msgs/cmake/rosidl_cmake_export_typesupport_targets-extras.cmake
[1.060s] -- Up-to-date: /home/lorenzo/Bureau/Unity_Playground/install/unity_robotics_demo_msgs/share/unity_robotics_demo_msgs/cmake/rosidl_cmake_export_typesupport_libraries-extras.cmake
[1.060s] -- Up-to-date: /home/lorenzo/Bureau/Unity_Playground/install/unity_robotics_demo_msgs/share/unity_robotics_demo_msgs/cmake/unity_robotics_demo_msgsConfig.cmake
[1.060s] -- Up-to-date: /home/lorenzo/Bureau/Unity_Playground/install/unity_robotics_demo_msgs/share/unity_robotics_demo_msgs/cmake/unity_robotics_demo_msgsConfig-version.cmake
[1.060s] -- Up-to-date: /home/lorenzo/Bureau/Unity_Playground/install/unity_robotics_demo_msgs/share/unity_robotics_demo_msgs/package.xml
[1.063s] Invoked command in '/home/lorenzo/Bureau/Unity_Playground/build/unity_robotics_demo_msgs' returned '0': CMAKE_PREFIX_PATH=${CMAKE_PREFIX_PATH}:/home/lorenzo/Bureau/Unity_Playground/install/unity_robotics_demo:/home/lorenzo/Bureau/Unity_Playground/install/ros_tcp_endpoint:/opt/ros/humble /usr/bin/cmake --install /home/lorenzo/Bureau/Unity_Playground/build/unity_robotics_demo_msgs
