[0.623s] Invoking command in '/home/lorenzo/Bureau/Unity_Playground/src/ros_tcp_endpoint': PYTHONPATH=/home/lorenzo/Bureau/Unity_Playground/build/ros_tcp_endpoint/prefix_override:/usr/lib/python3/dist-packages/colcon_core/task/python/colcon_distutils_commands:/home/lorenzo/Bureau/Unity_Playground/install/ros_tcp_endpoint/lib/python3.10/site-packages:${PYTHONPATH} /usr/bin/python3 -W ignore:setup.py install is deprecated -W ignore:easy_install command is deprecated setup.py egg_info --egg-base ../../build/ros_tcp_endpoint build --build-base /home/lorenzo/Bureau/Unity_Playground/build/ros_tcp_endpoint/build install --record /home/lorenzo/Bureau/Unity_Playground/build/ros_tcp_endpoint/install.log --install-scripts $base/lib/ros_tcp_endpoint --single-version-externally-managed install_data
[0.853s] /usr/lib/python3/dist-packages/setuptools/dist.py:723: UserWarning: Usage of dash-separated 'script-dir' will not be supported in future versions. Please use the underscore name 'script_dir' instead
[0.853s]   warnings.warn(
[0.862s] running egg_info
[0.863s] writing ../../build/ros_tcp_endpoint/ros_tcp_endpoint.egg-info/PKG-INFO
[0.863s] writing dependency_links to ../../build/ros_tcp_endpoint/ros_tcp_endpoint.egg-info/dependency_links.txt
[0.863s] writing entry points to ../../build/ros_tcp_endpoint/ros_tcp_endpoint.egg-info/entry_points.txt
[0.863s] writing requirements to ../../build/ros_tcp_endpoint/ros_tcp_endpoint.egg-info/requires.txt
[0.863s] writing top-level names to ../../build/ros_tcp_endpoint/ros_tcp_endpoint.egg-info/top_level.txt
[0.865s] reading manifest file '../../build/ros_tcp_endpoint/ros_tcp_endpoint.egg-info/SOURCES.txt'
[0.873s] adding license file 'LICENSE'
[0.874s] writing manifest file '../../build/ros_tcp_endpoint/ros_tcp_endpoint.egg-info/SOURCES.txt'
[0.874s] running build
[0.874s] running build_py
[0.875s] running install
[0.876s] running install_lib
[0.878s] running install_data
[0.878s] running install_egg_info
[0.880s] removing '/home/lorenzo/Bureau/Unity_Playground/install/ros_tcp_endpoint/lib/python3.10/site-packages/ros_tcp_endpoint-0.0.1-py3.10.egg-info' (and everything under it)
[0.880s] Copying ../../build/ros_tcp_endpoint/ros_tcp_endpoint.egg-info to /home/lorenzo/Bureau/Unity_Playground/install/ros_tcp_endpoint/lib/python3.10/site-packages/ros_tcp_endpoint-0.0.1-py3.10.egg-info
[0.881s] running install_scripts
[0.903s] Installing default_server_endpoint script to /home/lorenzo/Bureau/Unity_Playground/install/ros_tcp_endpoint/lib/ros_tcp_endpoint
[0.903s] writing list of installed files to '/home/lorenzo/Bureau/Unity_Playground/build/ros_tcp_endpoint/install.log'
[0.937s] Invoked command in '/home/lorenzo/Bureau/Unity_Playground/src/ros_tcp_endpoint' returned '0': PYTHONPATH=/home/lorenzo/Bureau/Unity_Playground/build/ros_tcp_endpoint/prefix_override:/usr/lib/python3/dist-packages/colcon_core/task/python/colcon_distutils_commands:/home/lorenzo/Bureau/Unity_Playground/install/ros_tcp_endpoint/lib/python3.10/site-packages:${PYTHONPATH} /usr/bin/python3 -W ignore:setup.py install is deprecated -W ignore:easy_install command is deprecated setup.py egg_info --egg-base ../../build/ros_tcp_endpoint build --build-base /home/lorenzo/Bureau/Unity_Playground/build/ros_tcp_endpoint/build install --record /home/lorenzo/Bureau/Unity_Playground/build/ros_tcp_endpoint/install.log --install-scripts $base/lib/ros_tcp_endpoint --single-version-externally-managed install_data
